<?xml version="1.0" encoding="utf-8"?>
<CoverageSession xmlns:xsd="http://www.w3.org/2001/XMLSchema" xmlns:xsi="http://www.w3.org/2001/XMLSchema-instance" Version="0.0.0.0">
  <Summary numSequencePoints="263" visitedSequencePoints="244" numBranchPoints="0" visitedBranchPoints="0" sequenceCoverage="92.78" branchCoverage="0.0" maxCyclomaticComplexity="0" minCyclomaticComplexity="0" maxCrapScore="0" minCrapScore="0" visitedClasses="20" numClasses="20" visitedMethods="67" numMethods="67" />
  <Modules>
    <Module>
      <Summary numSequencePoints="66" visitedSequencePoints="59" numBranchPoints="0" visitedBranchPoints="0" sequenceCoverage="89.39" branchCoverage="0.0" maxCyclomaticComplexity="0" minCyclomaticComplexity="0" maxCrapScore="0" minCrapScore="0" visitedClasses="8" numClasses="8" visitedMethods="26" numMethods="26" />
      <ModuleTime>0001-01-01T00:00:00</ModuleTime>
      <ModuleName>Scripts</ModuleName>
      <Files>
        <File uid="1" fullPath="C:/Code/Mjukvaruutveckling/Naruto-2D/Assets/Scripts/AnimatedSprite.cs" />
        <File uid="2" fullPath="C:/Code/Mjukvaruutveckling/Naruto-2D/Assets/Scripts/AudioManager.cs" />
        <File uid="3" fullPath="C:/Code/Mjukvaruutveckling/Naruto-2D/Assets/Scripts/BoxHit.cs" />
        <File uid="4" fullPath="C:/Code/Mjukvaruutveckling/Naruto-2D/Assets/Scripts/BoxItem.cs" />
        <File uid="5" fullPath="C:/Code/Mjukvaruutveckling/Naruto-2D/Assets/Scripts/BoxScroll.cs" />
        <File uid="6" fullPath="C:/Code/Mjukvaruutveckling/Naruto-2D/Assets/Scripts/DeathAnimation.cs" />
        <File uid="7" fullPath="C:/Code/Mjukvaruutveckling/Naruto-2D/Assets/Scripts/DeathBarrier.cs" />
        <File uid="8" fullPath="C:/Code/Mjukvaruutveckling/Naruto-2D/Assets/Scripts/Enemyninja.cs" />
        <File uid="9" fullPath="C:/Code/Mjukvaruutveckling/Naruto-2D/Assets/Scripts/EnemySpriteRenderer.cs" />
        <File uid="10" fullPath="C:/Code/Mjukvaruutveckling/Naruto-2D/Assets/Scripts/EntityMovement.cs" />
        <File uid="11" fullPath="C:/Code/Mjukvaruutveckling/Naruto-2D/Assets/Scripts/Extensions.cs" />
        <File uid="12" fullPath="C:/Code/Mjukvaruutveckling/Naruto-2D/Assets/Scripts/GameManager.cs" />
        <File uid="13" fullPath="C:/Code/Mjukvaruutveckling/Naruto-2D/Assets/Scripts/LevelComplete.cs" />
        <File uid="14" fullPath="C:/Code/Mjukvaruutveckling/Naruto-2D/Assets/Scripts/Player.cs" />
        <File uid="15" fullPath="C:/Code/Mjukvaruutveckling/Naruto-2D/Assets/Scripts/PlayerMovments.cs" />
        <File uid="16" fullPath="C:/Code/Mjukvaruutveckling/Naruto-2D/Assets/Scripts/PlayerSpriteRenderer.cs" />
        <File uid="17" fullPath="C:/Code/Mjukvaruutveckling/Naruto-2D/Assets/Scripts/PowerUp.cs" />
        <File uid="18" fullPath="C:/Code/Mjukvaruutveckling/Naruto-2D/Assets/Scripts/SideScrolling.cs" />
      </Files>
      <Classes>
        <Class>
          <Summary numSequencePoints="4" visitedSequencePoints="4" numBranchPoints="0" visitedBranchPoints="0" sequenceCoverage="100.0" branchCoverage="0.0" maxCyclomaticComplexity="0" minCyclomaticComplexity="0" maxCrapScore="0" minCrapScore="0" visitedClasses="1" numClasses="1" visitedMethods="2" numMethods="2" />
          <FullName>AudioManager</FullName>
          <Methods>
            <Method visited="true" cyclomaticComplexity="0" nPathComplexity="0" sequenceCoverage="100.0" branchCoverage="0" crapScore="0" isConstructor="false" isStatic="false" isGetter="false" isSetter="false">
              <Summary numSequencePoints="2" visitedSequencePoints="2" numBranchPoints="0" visitedBranchPoints="0" sequenceCoverage="100.0" branchCoverage="0" maxCyclomaticComplexity="0" minCyclomaticComplexity="0" maxCrapScore="0" minCrapScore="0" visitedClasses="0" numClasses="0" visitedMethods="1" numMethods="1" />
              <MetadataToken>100663306</MetadataToken>
              <Name>System.Void AudioManager::PlaySFX(UnityEngine.AudioClip)</Name>
              <FileRef uid="2" />
              <SequencePoints>
                <SequencePoint vc="2" uspid="877" ordinal="0" offset="0" sl="43" sc="9" el="43" ec="9" bec="0" bev="0" fileid="2" />
                <SequencePoint vc="2" uspid="878" ordinal="0" offset="12" sl="44" sc="5" el="44" ec="5" bec="0" bev="0" fileid="2" />
              </SequencePoints>
              <BranchPoints />
            </Method>
            <Method visited="true" cyclomaticComplexity="0" nPathComplexity="0" sequenceCoverage="100.0" branchCoverage="0" crapScore="0" isConstructor="false" isStatic="false" isGetter="false" isSetter="false">
              <Summary numSequencePoints="2" visitedSequencePoints="2" numBranchPoints="0" visitedBranchPoints="0" sequenceCoverage="100.0" branchCoverage="0" maxCyclomaticComplexity="0" minCyclomaticComplexity="0" maxCrapScore="0" minCrapScore="0" visitedClasses="0" numClasses="0" visitedMethods="1" numMethods="1" />
              <MetadataToken>100663309</MetadataToken>
              <Name>System.Void AudioManager::SetBackgroundManually()</Name>
              <FileRef uid="2" />
              <SequencePoints>
                <SequencePoint vc="1" uspid="885" ordinal="0" offset="0" sl="69" sc="9" el="69" ec="9" bec="0" bev="0" fileid="2" />
                <SequencePoint vc="1" uspid="886" ordinal="0" offset="17" sl="70" sc="5" el="70" ec="5" bec="0" bev="0" fileid="2" />
              </SequencePoints>
              <BranchPoints />
            </Method>
          </Methods>
        </Class>
        <Class>
          <Summary numSequencePoints="6" visitedSequencePoints="6" numBranchPoints="0" visitedBranchPoints="0" sequenceCoverage="100.0" branchCoverage="0.0" maxCyclomaticComplexity="0" minCyclomaticComplexity="0" maxCrapScore="0" minCrapScore="0" visitedClasses="1" numClasses="1" visitedMethods="2" numMethods="2" />
          <FullName>BoxHit</FullName>
          <Methods>
            <Method visited="true" cyclomaticComplexity="0" nPathComplexity="0" sequenceCoverage="100.0" branchCoverage="0" crapScore="0" isConstructor="false" isStatic="false" isGetter="false" isSetter="false">
              <Summary numSequencePoints="5" visitedSequencePoints="5" numBranchPoints="0" visitedBranchPoints="0" sequenceCoverage="100.0" branchCoverage="0" maxCyclomaticComplexity="0" minCyclomaticComplexity="0" maxCrapScore="0" minCrapScore="0" visitedClasses="0" numClasses="0" visitedMethods="1" numMethods="1" />
              <MetadataToken>100663312</MetadataToken>
              <Name>System.Void BoxHit::Hit()</Name>
              <FileRef uid="3" />
              <SequencePoints>
                <SequencePoint vc="27" uspid="891" ordinal="0" offset="0" sl="26" sc="7" el="26" ec="7" bec="0" bev="0" fileid="3" />
                <SequencePoint vc="27" uspid="892" ordinal="0" offset="14" sl="28" sc="7" el="28" ec="7" bec="0" bev="0" fileid="3" />
                <SequencePoint vc="1" uspid="893" ordinal="0" offset="28" sl="30" sc="9" el="30" ec="9" bec="0" bev="0" fileid="3" />
                <SequencePoint vc="27" uspid="894" ordinal="0" offset="56" sl="33" sc="7" el="33" ec="7" bec="0" bev="0" fileid="3" />
                <SequencePoint vc="27" uspid="895" ordinal="0" offset="69" sl="34" sc="4" el="34" ec="4" bec="0" bev="0" fileid="3" />
              </SequencePoints>
              <BranchPoints />
            </Method>
            <Method visited="true" cyclomaticComplexity="0" nPathComplexity="0" sequenceCoverage="100.0" branchCoverage="0" crapScore="0" isConstructor="true" isStatic="false" isGetter="false" isSetter="false">
              <Summary numSequencePoints="1" visitedSequencePoints="1" numBranchPoints="0" visitedBranchPoints="0" sequenceCoverage="100.0" branchCoverage="0" maxCyclomaticComplexity="0" minCyclomaticComplexity="0" maxCrapScore="0" minCrapScore="0" visitedClasses="0" numClasses="0" visitedMethods="1" numMethods="1" />
              <MetadataToken>100663315</MetadataToken>
              <Name>BoxHit::BoxHit()</Name>
              <FileRef uid="3" />
              <SequencePoints>
                <SequencePoint vc="3" uspid="896" ordinal="0" offset="0" sl="7" sc="5" el="7" ec="5" bec="0" bev="0" fileid="3" />
              </SequencePoints>
              <BranchPoints />
            </Method>
          </Methods>
        </Class>
        <Class>
          <Summary numSequencePoints="2" visitedSequencePoints="2" numBranchPoints="0" visitedBranchPoints="0" sequenceCoverage="100.0" branchCoverage="0.0" maxCyclomaticComplexity="0" minCyclomaticComplexity="0" maxCrapScore="0" minCrapScore="0" visitedClasses="1" numClasses="1" visitedMethods="1" numMethods="1" />
          <FullName>Extensions</FullName>
          <Methods>
            <Method visited="true" cyclomaticComplexity="0" nPathComplexity="0" sequenceCoverage="100.0" branchCoverage="0" crapScore="0" isConstructor="false" isStatic="true" isGetter="false" isSetter="false">
              <Summary numSequencePoints="2" visitedSequencePoints="2" numBranchPoints="0" visitedBranchPoints="0" sequenceCoverage="100.0" branchCoverage="0" maxCyclomaticComplexity="0" minCyclomaticComplexity="0" maxCrapScore="0" minCrapScore="0" visitedClasses="0" numClasses="0" visitedMethods="1" numMethods="1" />
              <MetadataToken>100663349</MetadataToken>
              <Name>static System.Boolean Extensions::DotTest(UnityEngine.Transform, UnityEngine.Transform, UnityEngine.Vector2)</Name>
              <FileRef uid="11" />
              <SequencePoints>
                <SequencePoint vc="2" uspid="1032" ordinal="0" offset="0" sl="53" sc="9" el="53" ec="9" bec="0" bev="0" fileid="11" />
                <SequencePoint vc="2" uspid="1033" ordinal="0" offset="23" sl="54" sc="9" el="54" ec="9" bec="0" bev="0" fileid="11" />
              </SequencePoints>
              <BranchPoints />
            </Method>
          </Methods>
        </Class>
        <Class>
          <Summary numSequencePoints="9" visitedSequencePoints="9" numBranchPoints="0" visitedBranchPoints="0" sequenceCoverage="100.0" branchCoverage="0.0" maxCyclomaticComplexity="0" minCyclomaticComplexity="0" maxCrapScore="0" minCrapScore="0" visitedClasses="1" numClasses="1" visitedMethods="9" numMethods="9" />
          <FullName>GameManager</FullName>
          <Methods>
            <Method visited="true" cyclomaticComplexity="0" nPathComplexity="0" sequenceCoverage="100.0" branchCoverage="0" crapScore="0" isConstructor="false" isStatic="true" isGetter="true" isSetter="false">
              <Summary numSequencePoints="1" visitedSequencePoints="1" numBranchPoints="0" visitedBranchPoints="0" sequenceCoverage="100.0" branchCoverage="0" maxCyclomaticComplexity="0" minCyclomaticComplexity="0" maxCrapScore="0" minCrapScore="0" visitedClasses="0" numClasses="0" visitedMethods="1" numMethods="1" />
              <MetadataToken>100663351</MetadataToken>
              <Name>static GameManager GameManager::get_Instance()</Name>
              <FileRef uid="12" />
              <SequencePoints>
                <SequencePoint vc="3" uspid="1035" ordinal="0" offset="0" sl="7" sc="41" el="7" ec="41" bec="0" bev="0" fileid="12" />
              </SequencePoints>
              <BranchPoints />
            </Method>
            <Method visited="true" cyclomaticComplexity="0" nPathComplexity="0" sequenceCoverage="100.0" branchCoverage="0" crapScore="0" isConstructor="false" isStatic="false" isGetter="true" isSetter="false">
              <Summary numSequencePoints="1" visitedSequencePoints="1" numBranchPoints="0" visitedBranchPoints="0" sequenceCoverage="100.0" branchCoverage="0" maxCyclomaticComplexity="0" minCyclomaticComplexity="0" maxCrapScore="0" minCrapScore="0" visitedClasses="0" numClasses="0" visitedMethods="1" numMethods="1" />
              <MetadataToken>100663353</MetadataToken>
              <Name>System.Int32 GameManager::get_World()</Name>
              <FileRef uid="12" />
              <SequencePoints>
                <SequencePoint vc="5" uspid="1037" ordinal="0" offset="0" sl="9" sc="23" el="9" ec="23" bec="0" bev="0" fileid="12" />
              </SequencePoints>
              <BranchPoints />
            </Method>
            <Method visited="true" cyclomaticComplexity="0" nPathComplexity="0" sequenceCoverage="100.0" branchCoverage="0" crapScore="0" isConstructor="false" isStatic="false" isGetter="false" isSetter="true">
              <Summary numSequencePoints="1" visitedSequencePoints="1" numBranchPoints="0" visitedBranchPoints="0" sequenceCoverage="100.0" branchCoverage="0" maxCyclomaticComplexity="0" minCyclomaticComplexity="0" maxCrapScore="0" minCrapScore="0" visitedClasses="0" numClasses="0" visitedMethods="1" numMethods="1" />
              <MetadataToken>100663354</MetadataToken>
              <Name>System.Void GameManager::set_World(System.Int32)</Name>
              <FileRef uid="12" />
              <SequencePoints>
                <SequencePoint vc="5" uspid="1038" ordinal="0" offset="0" sl="9" sc="28" el="9" ec="28" bec="0" bev="0" fileid="12" />
              </SequencePoints>
              <BranchPoints />
            </Method>
            <Method visited="true" cyclomaticComplexity="0" nPathComplexity="0" sequenceCoverage="100.0" branchCoverage="0" crapScore="0" isConstructor="false" isStatic="false" isGetter="true" isSetter="false">
              <Summary numSequencePoints="1" visitedSequencePoints="1" numBranchPoints="0" visitedBranchPoints="0" sequenceCoverage="100.0" branchCoverage="0" maxCyclomaticComplexity="0" minCyclomaticComplexity="0" maxCrapScore="0" minCrapScore="0" visitedClasses="0" numClasses="0" visitedMethods="1" numMethods="1" />
              <MetadataToken>100663355</MetadataToken>
              <Name>System.Int32 GameManager::get_Stage()</Name>
              <FileRef uid="12" />
              <SequencePoints>
                <SequencePoint vc="5" uspid="1039" ordinal="0" offset="0" sl="10" sc="23" el="10" ec="23" bec="0" bev="0" fileid="12" />
              </SequencePoints>
              <BranchPoints />
            </Method>
            <Method visited="true" cyclomaticComplexity="0" nPathComplexity="0" sequenceCoverage="100.0" branchCoverage="0" crapScore="0" isConstructor="false" isStatic="false" isGetter="false" isSetter="true">
              <Summary numSequencePoints="1" visitedSequencePoints="1" numBranchPoints="0" visitedBranchPoints="0" sequenceCoverage="100.0" branchCoverage="0" maxCyclomaticComplexity="0" minCyclomaticComplexity="0" maxCrapScore="0" minCrapScore="0" visitedClasses="0" numClasses="0" visitedMethods="1" numMethods="1" />
              <MetadataToken>100663356</MetadataToken>
              <Name>System.Void GameManager::set_Stage(System.Int32)</Name>
              <FileRef uid="12" />
              <SequencePoints>
                <SequencePoint vc="5" uspid="1040" ordinal="0" offset="0" sl="10" sc="28" el="10" ec="28" bec="0" bev="0" fileid="12" />
              </SequencePoints>
              <BranchPoints />
            </Method>
            <Method visited="true" cyclomaticComplexity="0" nPathComplexity="0" sequenceCoverage="100.0" branchCoverage="0" crapScore="0" isConstructor="false" isStatic="false" isGetter="true" isSetter="false">
              <Summary numSequencePoints="1" visitedSequencePoints="1" numBranchPoints="0" visitedBranchPoints="0" sequenceCoverage="100.0" branchCoverage="0" maxCyclomaticComplexity="0" minCyclomaticComplexity="0" maxCrapScore="0" minCrapScore="0" visitedClasses="0" numClasses="0" visitedMethods="1" numMethods="1" />
              <MetadataToken>100663357</MetadataToken>
              <Name>System.Int32 GameManager::get_Lives()</Name>
              <FileRef uid="12" />
              <SequencePoints>
                <SequencePoint vc="1" uspid="1041" ordinal="0" offset="0" sl="11" sc="23" el="11" ec="23" bec="0" bev="0" fileid="12" />
              </SequencePoints>
              <BranchPoints />
            </Method>
            <Method visited="true" cyclomaticComplexity="0" nPathComplexity="0" sequenceCoverage="100.0" branchCoverage="0" crapScore="0" isConstructor="false" isStatic="false" isGetter="false" isSetter="true">
              <Summary numSequencePoints="1" visitedSequencePoints="1" numBranchPoints="0" visitedBranchPoints="0" sequenceCoverage="100.0" branchCoverage="0" maxCyclomaticComplexity="0" minCyclomaticComplexity="0" maxCrapScore="0" minCrapScore="0" visitedClasses="0" numClasses="0" visitedMethods="1" numMethods="1" />
              <MetadataToken>100663358</MetadataToken>
              <Name>System.Void GameManager::set_Lives(System.Int32)</Name>
              <FileRef uid="12" />
              <SequencePoints>
                <SequencePoint vc="3" uspid="1042" ordinal="0" offset="0" sl="11" sc="28" el="11" ec="28" bec="0" bev="0" fileid="12" />
              </SequencePoints>
              <BranchPoints />
            </Method>
            <Method visited="true" cyclomaticComplexity="0" nPathComplexity="0" sequenceCoverage="100.0" branchCoverage="0" crapScore="0" isConstructor="false" isStatic="false" isGetter="true" isSetter="false">
              <Summary numSequencePoints="1" visitedSequencePoints="1" numBranchPoints="0" visitedBranchPoints="0" sequenceCoverage="100.0" branchCoverage="0" maxCyclomaticComplexity="0" minCyclomaticComplexity="0" maxCrapScore="0" minCrapScore="0" visitedClasses="0" numClasses="0" visitedMethods="1" numMethods="1" />
              <MetadataToken>100663359</MetadataToken>
              <Name>System.Int32 GameManager::get_Scrolls()</Name>
              <FileRef uid="12" />
              <SequencePoints>
                <SequencePoint vc="1" uspid="1043" ordinal="0" offset="0" sl="12" sc="25" el="12" ec="25" bec="0" bev="0" fileid="12" />
              </SequencePoints>
              <BranchPoints />
            </Method>
            <Method visited="true" cyclomaticComplexity="0" nPathComplexity="0" sequenceCoverage="100.0" branchCoverage="0" crapScore="0" isConstructor="false" isStatic="false" isGetter="false" isSetter="true">
              <Summary numSequencePoints="1" visitedSequencePoints="1" numBranchPoints="0" visitedBranchPoints="0" sequenceCoverage="100.0" branchCoverage="0" maxCyclomaticComplexity="0" minCyclomaticComplexity="0" maxCrapScore="0" minCrapScore="0" visitedClasses="0" numClasses="0" visitedMethods="1" numMethods="1" />
              <MetadataToken>100663360</MetadataToken>
              <Name>System.Void GameManager::set_Scrolls(System.Int32)</Name>
              <FileRef uid="12" />
              <SequencePoints>
                <SequencePoint vc="3" uspid="1044" ordinal="0" offset="0" sl="12" sc="30" el="12" ec="30" bec="0" bev="0" fileid="12" />
              </SequencePoints>
              <BranchPoints />
            </Method>
          </Methods>
        </Class>
        <Class>
          <Summary numSequencePoints="15" visitedSequencePoints="13" numBranchPoints="0" visitedBranchPoints="0" sequenceCoverage="86.67" branchCoverage="0.0" maxCyclomaticComplexity="0" minCyclomaticComplexity="0" maxCrapScore="0" minCrapScore="0" visitedClasses="1" numClasses="1" visitedMethods="5" numMethods="5" />
          <FullName>PlayerMovments</FullName>
          <Methods>
            <Method visited="true" cyclomaticComplexity="0" nPathComplexity="0" sequenceCoverage="100.0" branchCoverage="0" crapScore="0" isConstructor="false" isStatic="false" isGetter="true" isSetter="false">
              <Summary numSequencePoints="1" visitedSequencePoints="1" numBranchPoints="0" visitedBranchPoints="0" sequenceCoverage="100.0" branchCoverage="0" maxCyclomaticComplexity="0" minCyclomaticComplexity="0" maxCrapScore="0" minCrapScore="0" visitedClasses="0" numClasses="0" visitedMethods="1" numMethods="1" />
              <MetadataToken>100663401</MetadataToken>
              <Name>System.Single PlayerMovments::get_JumpForce()</Name>
              <FileRef uid="15" />
              <SequencePoints>
                <SequencePoint vc="1" uspid="1208" ordinal="0" offset="0" sl="17" sc="31" el="17" ec="31" bec="0" bev="0" fileid="15" />
              </SequencePoints>
              <BranchPoints />
            </Method>
            <Method visited="true" cyclomaticComplexity="0" nPathComplexity="0" sequenceCoverage="100.0" branchCoverage="0" crapScore="0" isConstructor="false" isStatic="false" isGetter="true" isSetter="false">
              <Summary numSequencePoints="1" visitedSequencePoints="1" numBranchPoints="0" visitedBranchPoints="0" sequenceCoverage="100.0" branchCoverage="0" maxCyclomaticComplexity="0" minCyclomaticComplexity="0" maxCrapScore="0" minCrapScore="0" visitedClasses="0" numClasses="0" visitedMethods="1" numMethods="1" />
              <MetadataToken>100663402</MetadataToken>
              <Name>System.Single PlayerMovments::get_Gravity()</Name>
              <FileRef uid="15" />
              <SequencePoints>
                <SequencePoint vc="1" uspid="1209" ordinal="0" offset="0" sl="18" sc="29" el="18" ec="29" bec="0" bev="0" fileid="15" />
              </SequencePoints>
              <BranchPoints />
            </Method>
            <Method visited="true" cyclomaticComplexity="0" nPathComplexity="0" sequenceCoverage="100.0" branchCoverage="0" crapScore="0" isConstructor="false" isStatic="false" isGetter="true" isSetter="false">
              <Summary numSequencePoints="1" visitedSequencePoints="1" numBranchPoints="0" visitedBranchPoints="0" sequenceCoverage="100.0" branchCoverage="0" maxCyclomaticComplexity="0" minCyclomaticComplexity="0" maxCrapScore="0" minCrapScore="0" visitedClasses="0" numClasses="0" visitedMethods="1" numMethods="1" />
              <MetadataToken>100663407</MetadataToken>
              <Name>System.Boolean PlayerMovments::get_Running()</Name>
              <FileRef uid="15" />
              <SequencePoints>
                <SequencePoint vc="1" uspid="1214" ordinal="0" offset="0" sl="22" sc="28" el="22" ec="28" bec="0" bev="0" fileid="15" />
              </SequencePoints>
              <BranchPoints />
            </Method>
            <Method visited="true" cyclomaticComplexity="0" nPathComplexity="0" sequenceCoverage="75.00" branchCoverage="0" crapScore="0" isConstructor="false" isStatic="false" isGetter="false" isSetter="false">
              <Summary numSequencePoints="8" visitedSequencePoints="6" numBranchPoints="0" visitedBranchPoints="0" sequenceCoverage="75.00" branchCoverage="0" maxCyclomaticComplexity="0" minCyclomaticComplexity="0" maxCrapScore="0" minCrapScore="0" visitedClasses="0" numClasses="0" visitedMethods="1" numMethods="1" />
              <MetadataToken>100663415</MetadataToken>
              <Name>System.Void PlayerMovments::TestFlip(System.Single)</Name>
              <FileRef uid="15" />
              <SequencePoints>
                <SequencePoint vc="1" uspid="1269" ordinal="0" offset="0" sl="139" sc="5" el="139" ec="5" bec="0" bev="0" fileid="15" />
                <SequencePoint vc="1" uspid="1270" ordinal="0" offset="47" sl="141" sc="5" el="141" ec="5" bec="0" bev="0" fileid="15" />
                <SequencePoint vc="0" uspid="1271" ordinal="0" offset="65" sl="143" sc="9" el="143" ec="9" bec="0" bev="0" fileid="15" />
                <SequencePoint vc="0" uspid="1272" ordinal="0" offset="81" sl="144" sc="9" el="144" ec="9" bec="0" bev="0" fileid="15" />
                <SequencePoint vc="1" uspid="1273" ordinal="0" offset="98" sl="146" sc="10" el="146" ec="10" bec="0" bev="0" fileid="15" />
                <SequencePoint vc="1" uspid="1274" ordinal="0" offset="116" sl="148" sc="9" el="148" ec="9" bec="0" bev="0" fileid="15" />
                <SequencePoint vc="1" uspid="1275" ordinal="0" offset="147" sl="149" sc="9" el="149" ec="9" bec="0" bev="0" fileid="15" />
                <SequencePoint vc="1" uspid="1276" ordinal="0" offset="178" sl="151" sc="1" el="151" ec="1" bec="0" bev="0" fileid="15" />
              </SequencePoints>
              <BranchPoints />
            </Method>
            <Method visited="true" cyclomaticComplexity="0" nPathComplexity="0" sequenceCoverage="100.0" branchCoverage="0" crapScore="0" isConstructor="true" isStatic="false" isGetter="false" isSetter="false">
              <Summary numSequencePoints="4" visitedSequencePoints="4" numBranchPoints="0" visitedBranchPoints="0" sequenceCoverage="100.0" branchCoverage="0" maxCyclomaticComplexity="0" minCyclomaticComplexity="0" maxCrapScore="0" minCrapScore="0" visitedClasses="0" numClasses="0" visitedMethods="1" numMethods="1" />
              <MetadataToken>100663416</MetadataToken>
              <Name>PlayerMovments::PlayerMovments()</Name>
              <FileRef uid="15" />
              <SequencePoints>
                <SequencePoint vc="4" uspid="1277" ordinal="0" offset="0" sl="14" sc="5" el="14" ec="5" bec="0" bev="0" fileid="15" />
                <SequencePoint vc="4" uspid="1278" ordinal="0" offset="11" sl="15" sc="5" el="15" ec="5" bec="0" bev="0" fileid="15" />
                <SequencePoint vc="4" uspid="1279" ordinal="0" offset="22" sl="16" sc="5" el="16" ec="5" bec="0" bev="0" fileid="15" />
                <SequencePoint vc="4" uspid="1280" ordinal="0" offset="33" sl="23" sc="5" el="23" ec="5" bec="0" bev="0" fileid="15" />
              </SequencePoints>
              <BranchPoints />
            </Method>
          </Methods>
        </Class>
        <Class>
          <Summary numSequencePoints="14" visitedSequencePoints="14" numBranchPoints="0" visitedBranchPoints="0" sequenceCoverage="100.0" branchCoverage="0.0" maxCyclomaticComplexity="0" minCyclomaticComplexity="0" maxCrapScore="0" minCrapScore="0" visitedClasses="1" numClasses="1" visitedMethods="5" numMethods="5" />
          <FullName>PlayerSpriteRenderer</FullName>
          <Methods>
            <Method visited="true" cyclomaticComplexity="0" nPathComplexity="0" sequenceCoverage="100.0" branchCoverage="0" crapScore="0" isConstructor="false" isStatic="false" isGetter="false" isSetter="false">
              <Summary numSequencePoints="5" visitedSequencePoints="5" numBranchPoints="0" visitedBranchPoints="0" sequenceCoverage="100.0" branchCoverage="0" maxCyclomaticComplexity="0" minCyclomaticComplexity="0" maxCrapScore="0" minCrapScore="0" visitedClasses="0" numClasses="0" visitedMethods="1" numMethods="1" />
              <MetadataToken>100663427</MetadataToken>
              <Name>System.Void PlayerSpriteRenderer::Show()</Name>
              <FileRef uid="16" />
              <SequencePoints>
                <SequencePoint vc="3" uspid="1319" ordinal="0" offset="0" sl="172" sc="9" el="172" ec="9" bec="0" bev="0" fileid="16" />
                <SequencePoint vc="3" uspid="1320" ordinal="0" offset="14" sl="173" sc="13" el="173" ec="13" bec="0" bev="0" fileid="16" />
                <SequencePoint vc="3" uspid="1321" ordinal="0" offset="26" sl="175" sc="9" el="175" ec="9" bec="0" bev="0" fileid="16" />
                <SequencePoint vc="3" uspid="1322" ordinal="0" offset="40" sl="176" sc="13" el="176" ec="13" bec="0" bev="0" fileid="16" />
                <SequencePoint vc="3" uspid="1323" ordinal="0" offset="52" sl="177" sc="5" el="177" ec="5" bec="0" bev="0" fileid="16" />
              </SequencePoints>
              <BranchPoints />
            </Method>
            <Method visited="true" cyclomaticComplexity="0" nPathComplexity="0" sequenceCoverage="100.0" branchCoverage="0" crapScore="0" isConstructor="false" isStatic="false" isGetter="false" isSetter="false">
              <Summary numSequencePoints="1" visitedSequencePoints="1" numBranchPoints="0" visitedBranchPoints="0" sequenceCoverage="100.0" branchCoverage="0" maxCyclomaticComplexity="0" minCyclomaticComplexity="0" maxCrapScore="0" minCrapScore="0" visitedClasses="0" numClasses="0" visitedMethods="1" numMethods="1" />
              <MetadataToken>100663428</MetadataToken>
              <Name>System.Void PlayerSpriteRenderer::Hide()</Name>
              <FileRef uid="16" />
              <SequencePoints>
                <SequencePoint vc="1" uspid="1324" ordinal="0" offset="0" sl="179" sc="28" el="179" ec="28" bec="0" bev="0" fileid="16" />
              </SequencePoints>
              <BranchPoints />
            </Method>
            <Method visited="true" cyclomaticComplexity="0" nPathComplexity="0" sequenceCoverage="100.0" branchCoverage="0" crapScore="0" isConstructor="false" isStatic="false" isGetter="false" isSetter="false">
              <Summary numSequencePoints="1" visitedSequencePoints="1" numBranchPoints="0" visitedBranchPoints="0" sequenceCoverage="100.0" branchCoverage="0" maxCyclomaticComplexity="0" minCyclomaticComplexity="0" maxCrapScore="0" minCrapScore="0" visitedClasses="0" numClasses="0" visitedMethods="1" numMethods="1" />
              <MetadataToken>100663429</MetadataToken>
              <Name>System.Void PlayerSpriteRenderer::Toggle()</Name>
              <FileRef uid="16" />
              <SequencePoints>
                <SequencePoint vc="2" uspid="1325" ordinal="0" offset="0" sl="180" sc="29" el="180" ec="29" bec="0" bev="0" fileid="16" />
              </SequencePoints>
              <BranchPoints />
            </Method>
            <Method visited="true" cyclomaticComplexity="0" nPathComplexity="0" sequenceCoverage="100.0" branchCoverage="0" crapScore="0" isConstructor="false" isStatic="false" isGetter="true" isSetter="false">
              <Summary numSequencePoints="1" visitedSequencePoints="1" numBranchPoints="0" visitedBranchPoints="0" sequenceCoverage="100.0" branchCoverage="0" maxCyclomaticComplexity="0" minCyclomaticComplexity="0" maxCrapScore="0" minCrapScore="0" visitedClasses="0" numClasses="0" visitedMethods="1" numMethods="1" />
              <MetadataToken>100663430</MetadataToken>
              <Name>System.Boolean PlayerSpriteRenderer::get_Visible()</Name>
              <FileRef uid="16" />
              <SequencePoints>
                <SequencePoint vc="2" uspid="1326" ordinal="0" offset="0" sl="181" sc="28" el="181" ec="28" bec="0" bev="0" fileid="16" />
              </SequencePoints>
              <BranchPoints />
            </Method>
            <Method visited="true" cyclomaticComplexity="0" nPathComplexity="0" sequenceCoverage="100.0" branchCoverage="0" crapScore="0" isConstructor="true" isStatic="false" isGetter="false" isSetter="false">
              <Summary numSequencePoints="6" visitedSequencePoints="6" numBranchPoints="0" visitedBranchPoints="0" sequenceCoverage="100.0" branchCoverage="0" maxCyclomaticComplexity="0" minCyclomaticComplexity="0" maxCrapScore="0" minCrapScore="0" visitedClasses="0" numClasses="0" visitedMethods="1" numMethods="1" />
              <MetadataToken>100663431</MetadataToken>
              <Name>PlayerSpriteRenderer::PlayerSpriteRenderer()</Name>
              <FileRef uid="16" />
              <SequencePoints>
                <SequencePoint vc="3" uspid="1327" ordinal="0" offset="0" sl="14" sc="5" el="14" ec="5" bec="0" bev="0" fileid="16" />
                <SequencePoint vc="3" uspid="1328" ordinal="0" offset="11" sl="16" sc="5" el="16" ec="5" bec="0" bev="0" fileid="16" />
                <SequencePoint vc="3" uspid="1329" ordinal="0" offset="22" sl="18" sc="5" el="18" ec="5" bec="0" bev="0" fileid="16" />
                <SequencePoint vc="3" uspid="1330" ordinal="0" offset="33" sl="20" sc="5" el="20" ec="5" bec="0" bev="0" fileid="16" />
                <SequencePoint vc="3" uspid="1331" ordinal="0" offset="44" sl="22" sc="5" el="22" ec="5" bec="0" bev="0" fileid="16" />
                <SequencePoint vc="3" uspid="1332" ordinal="0" offset="55" sl="24" sc="5" el="24" ec="5" bec="0" bev="0" fileid="16" />
              </SequencePoints>
              <BranchPoints />
            </Method>
          </Methods>
        </Class>
        <Class>
          <Summary numSequencePoints="7" visitedSequencePoints="4" numBranchPoints="0" visitedBranchPoints="0" sequenceCoverage="57.14" branchCoverage="0.0" maxCyclomaticComplexity="0" minCyclomaticComplexity="0" maxCrapScore="0" minCrapScore="0" visitedClasses="1" numClasses="1" visitedMethods="1" numMethods="1" />
          <FullName>BoxHit/&lt;Animate&gt;d__5</FullName>
          <Methods>
            <Method visited="true" cyclomaticComplexity="0" nPathComplexity="0" sequenceCoverage="57.14" branchCoverage="0" crapScore="0" isConstructor="false" isStatic="false" isGetter="false" isSetter="false">
              <Summary numSequencePoints="7" visitedSequencePoints="4" numBranchPoints="0" visitedBranchPoints="0" sequenceCoverage="57.14" branchCoverage="0" maxCyclomaticComplexity="0" minCyclomaticComplexity="0" maxCrapScore="0" minCrapScore="0" visitedClasses="0" numClasses="0" visitedMethods="1" numMethods="1" />
              <MetadataToken>100663442</MetadataToken>
              <Name>System.Boolean BoxHit/&lt;Animate&gt;d__5::MoveNext()</Name>
              <FileRef uid="3" />
              <SequencePoints>
                <SequencePoint vc="27" uspid="1348" ordinal="0" offset="41" sl="38" sc="7" el="38" ec="7" bec="0" bev="0" fileid="3" />
                <SequencePoint vc="27" uspid="1349" ordinal="0" offset="48" sl="40" sc="7" el="40" ec="7" bec="0" bev="0" fileid="3" />
                <SequencePoint vc="27" uspid="1350" ordinal="0" offset="65" sl="41" sc="7" el="41" ec="7" bec="0" bev="0" fileid="3" />
                <SequencePoint vc="27" uspid="1351" ordinal="0" offset="97" sl="43" sc="7" el="43" ec="7" bec="0" bev="0" fileid="3" />
                <SequencePoint vc="0" uspid="1352" ordinal="0" offset="137" sl="44" sc="7" el="44" ec="7" bec="0" bev="0" fileid="3" />
                <SequencePoint vc="0" uspid="1353" ordinal="0" offset="177" sl="46" sc="7" el="46" ec="7" bec="0" bev="0" fileid="3" />
                <SequencePoint vc="0" uspid="1354" ordinal="0" offset="188" sl="49" sc="4" el="49" ec="4" bec="0" bev="0" fileid="3" />
              </SequencePoints>
              <BranchPoints />
            </Method>
          </Methods>
        </Class>
        <Class>
          <Summary numSequencePoints="9" visitedSequencePoints="7" numBranchPoints="0" visitedBranchPoints="0" sequenceCoverage="77.78" branchCoverage="0.0" maxCyclomaticComplexity="0" minCyclomaticComplexity="0" maxCrapScore="0" minCrapScore="0" visitedClasses="1" numClasses="1" visitedMethods="1" numMethods="1" />
          <FullName>BoxHit/&lt;Move&gt;d__6</FullName>
          <Methods>
            <Method visited="true" cyclomaticComplexity="0" nPathComplexity="0" sequenceCoverage="77.78" branchCoverage="0" crapScore="0" isConstructor="false" isStatic="false" isGetter="false" isSetter="false">
              <Summary numSequencePoints="9" visitedSequencePoints="7" numBranchPoints="0" visitedBranchPoints="0" sequenceCoverage="77.78" branchCoverage="0" maxCyclomaticComplexity="0" minCyclomaticComplexity="0" maxCrapScore="0" minCrapScore="0" visitedClasses="0" numClasses="0" visitedMethods="1" numMethods="1" />
              <MetadataToken>100663448</MetadataToken>
              <Name>System.Boolean BoxHit/&lt;Move&gt;d__6::MoveNext()</Name>
              <FileRef uid="3" />
              <SequencePoints>
                <SequencePoint vc="27" uspid="1355" ordinal="0" offset="30" sl="53" sc="7" el="53" ec="7" bec="0" bev="0" fileid="3" />
                <SequencePoint vc="27" uspid="1356" ordinal="0" offset="41" sl="54" sc="7" el="54" ec="7" bec="0" bev="0" fileid="3" />
                <SequencePoint vc="27" uspid="1357" ordinal="0" offset="54" sl="58" sc="10" el="58" ec="10" bec="0" bev="0" fileid="3" />
                <SequencePoint vc="27" uspid="1358" ordinal="0" offset="68" sl="60" sc="10" el="60" ec="10" bec="0" bev="0" fileid="3" />
                <SequencePoint vc="27" uspid="1359" ordinal="0" offset="97" sl="61" sc="10" el="61" ec="10" bec="0" bev="0" fileid="3" />
                <SequencePoint vc="27" uspid="1360" ordinal="0" offset="115" sl="63" sc="10" el="63" ec="10" bec="0" bev="0" fileid="3" />
                <SequencePoint vc="27" uspid="1361" ordinal="0" offset="138" sl="56" sc="7" el="56" ec="7" bec="0" bev="0" fileid="3" />
                <SequencePoint vc="0" uspid="1362" ordinal="0" offset="152" sl="66" sc="7" el="66" ec="7" bec="0" bev="0" fileid="3" />
                <SequencePoint vc="0" uspid="1363" ordinal="0" offset="169" sl="68" sc="4" el="68" ec="4" bec="0" bev="0" fileid="3" />
              </SequencePoints>
              <BranchPoints />
            </Method>
          </Methods>
        </Class>
      </Classes>
    </Module>
    <Module>
      <Summary numSequencePoints="197" visitedSequencePoints="185" numBranchPoints="0" visitedBranchPoints="0" sequenceCoverage="93.91" branchCoverage="0.0" maxCyclomaticComplexity="0" minCyclomaticComplexity="0" maxCrapScore="0" minCrapScore="0" visitedClasses="12" numClasses="12" visitedMethods="41" numMethods="41" />
      <ModuleTime>0001-01-01T00:00:00</ModuleTime>
      <ModuleName>Tests</ModuleName>
      <Files>
        <File uid="19" fullPath="C:/Code/Mjukvaruutveckling/Naruto-2D/Assets/Tests/EditMode/AudioManagerTests.cs" />
        <File uid="20" fullPath="C:/Code/Mjukvaruutveckling/Naruto-2D/Assets/Tests/EditMode/GameManagerTest.cs" />
        <File uid="21" fullPath="C:/Code/Mjukvaruutveckling/Naruto-2D/Assets/Tests/EditMode/HorizontalFlipTest.cs" />
        <File uid="22" fullPath="C:/Code/Mjukvaruutveckling/Naruto-2D/Assets/Tests/EditMode/runningTest.cs" />
        <File uid="23" fullPath="C:/Code/Mjukvaruutveckling/Naruto-2D/Assets/Tests/EditMode/BoxHitTest.cs" />
        <File uid="24" fullPath="C:/Code/Mjukvaruutveckling/Naruto-2D/Assets/Tests/EditMode/DotCollisionTest.cs" />
        <File uid="25" fullPath="C:/Code/Mjukvaruutveckling/Naruto-2D/Assets/Tests/EditMode/GravityTest.cs" />
        <File uid="26" fullPath="C:/Code/Mjukvaruutveckling/Naruto-2D/Assets/Tests/EditMode/PlayerJumpForceTest.cs" />
        <File uid="27" fullPath="C:/Code/Mjukvaruutveckling/Naruto-2D/Assets/Tests/EditMode/PlayerSpriteRenderer.cs" />
        <File uid="28" fullPath="C:/Code/Mjukvaruutveckling/Naruto-2D/Assets/Tests/EditMode/BoxHitPerformanceTest.cs" />
      </Files>
      <Classes>
        <Class>
          <Summary numSequencePoints="23" visitedSequencePoints="23" numBranchPoints="0" visitedBranchPoints="0" sequenceCoverage="100.0" branchCoverage="0.0" maxCyclomaticComplexity="0" minCyclomaticComplexity="0" maxCrapScore="0" minCrapScore="0" visitedClasses="1" numClasses="1" visitedMethods="6" numMethods="6" />
          <FullName>AudioManagerTests</FullName>
          <Methods>
            <Method visited="true" cyclomaticComplexity="0" nPathComplexity="0" sequenceCoverage="100.0" branchCoverage="0" crapScore="0" isConstructor="false" isStatic="false" isGetter="false" isSetter="false">
              <Summary numSequencePoints="9" visitedSequencePoints="9" numBranchPoints="0" visitedBranchPoints="0" sequenceCoverage="100.0" branchCoverage="0" maxCyclomaticComplexity="0" minCyclomaticComplexity="0" maxCrapScore="0" minCrapScore="0" visitedClasses="0" numClasses="0" visitedMethods="1" numMethods="1" />
              <MetadataToken>100663297</MetadataToken>
              <Name>System.Void AudioManagerTests::SetUp()</Name>
              <FileRef uid="19" />
              <SequencePoints>
                <SequencePoint vc="3" uspid="1500" ordinal="0" offset="0" sl="15" sc="9" el="15" ec="9" bec="0" bev="0" fileid="19" />
                <SequencePoint vc="3" uspid="1501" ordinal="0" offset="16" sl="16" sc="9" el="16" ec="9" bec="0" bev="0" fileid="19" />
                <SequencePoint vc="3" uspid="1502" ordinal="0" offset="33" sl="17" sc="9" el="17" ec="9" bec="0" bev="0" fileid="19" />
                <SequencePoint vc="3" uspid="1503" ordinal="0" offset="50" sl="20" sc="9" el="20" ec="9" bec="0" bev="0" fileid="19" />
                <SequencePoint vc="3" uspid="1504" ordinal="0" offset="67" sl="23" sc="9" el="23" ec="9" bec="0" bev="0" fileid="19" />
                <SequencePoint vc="3" uspid="1505" ordinal="0" offset="89" sl="24" sc="9" el="24" ec="9" bec="0" bev="0" fileid="19" />
                <SequencePoint vc="3" uspid="1506" ordinal="0" offset="112" sl="26" sc="9" el="26" ec="9" bec="0" bev="0" fileid="19" />
                <SequencePoint vc="3" uspid="1507" ordinal="0" offset="129" sl="27" sc="9" el="27" ec="9" bec="0" bev="0" fileid="19" />
                <SequencePoint vc="3" uspid="1508" ordinal="0" offset="147" sl="28" sc="5" el="28" ec="5" bec="0" bev="0" fileid="19" />
              </SequencePoints>
              <BranchPoints />
            </Method>
            <Method visited="true" cyclomaticComplexity="0" nPathComplexity="0" sequenceCoverage="100.0" branchCoverage="0" crapScore="0" isConstructor="false" isStatic="false" isGetter="false" isSetter="false">
              <Summary numSequencePoints="2" visitedSequencePoints="2" numBranchPoints="0" visitedBranchPoints="0" sequenceCoverage="100.0" branchCoverage="0" maxCyclomaticComplexity="0" minCyclomaticComplexity="0" maxCrapScore="0" minCrapScore="0" visitedClasses="0" numClasses="0" visitedMethods="1" numMethods="1" />
              <MetadataToken>100663298</MetadataToken>
              <Name>System.Void AudioManagerTests::TearDown()</Name>
              <FileRef uid="19" />
              <SequencePoints>
                <SequencePoint vc="3" uspid="1509" ordinal="0" offset="0" sl="33" sc="9" el="33" ec="9" bec="0" bev="0" fileid="19" />
                <SequencePoint vc="3" uspid="1510" ordinal="0" offset="11" sl="34" sc="5" el="34" ec="5" bec="0" bev="0" fileid="19" />
              </SequencePoints>
              <BranchPoints />
            </Method>
            <Method visited="true" cyclomaticComplexity="0" nPathComplexity="0" sequenceCoverage="100.0" branchCoverage="0" crapScore="0" isConstructor="false" isStatic="false" isGetter="false" isSetter="false">
              <Summary numSequencePoints="6" visitedSequencePoints="6" numBranchPoints="0" visitedBranchPoints="0" sequenceCoverage="100.0" branchCoverage="0" maxCyclomaticComplexity="0" minCyclomaticComplexity="0" maxCrapScore="0" minCrapScore="0" visitedClasses="0" numClasses="0" visitedMethods="1" numMethods="1" />
              <MetadataToken>100663299</MetadataToken>
              <Name>System.Void AudioManagerTests::MusicSource_IsSetToBackground_InTestMethod()</Name>
              <FileRef uid="19" />
              <SequencePoints>
                <SequencePoint vc="1" uspid="1511" ordinal="0" offset="0" sl="40" sc="9" el="40" ec="9" bec="0" bev="0" fileid="19" />
                <SequencePoint vc="1" uspid="1512" ordinal="0" offset="23" sl="41" sc="9" el="41" ec="9" bec="0" bev="0" fileid="19" />
                <SequencePoint vc="1" uspid="1513" ordinal="0" offset="45" sl="42" sc="9" el="42" ec="9" bec="0" bev="0" fileid="19" />
                <SequencePoint vc="1" uspid="1514" ordinal="0" offset="57" sl="45" sc="9" el="45" ec="9" bec="0" bev="0" fileid="19" />
                <SequencePoint vc="1" uspid="1515" ordinal="0" offset="68" sl="48" sc="9" el="48" ec="9" bec="0" bev="0" fileid="19" />
                <SequencePoint vc="1" uspid="1516" ordinal="0" offset="85" sl="49" sc="5" el="49" ec="5" bec="0" bev="0" fileid="19" />
              </SequencePoints>
              <BranchPoints />
            </Method>
            <Method visited="true" cyclomaticComplexity="0" nPathComplexity="0" sequenceCoverage="100.0" branchCoverage="0" crapScore="0" isConstructor="false" isStatic="false" isGetter="false" isSetter="false">
              <Summary numSequencePoints="3" visitedSequencePoints="3" numBranchPoints="0" visitedBranchPoints="0" sequenceCoverage="100.0" branchCoverage="0" maxCyclomaticComplexity="0" minCyclomaticComplexity="0" maxCrapScore="0" minCrapScore="0" visitedClasses="0" numClasses="0" visitedMethods="1" numMethods="1" />
              <MetadataToken>100663300</MetadataToken>
              <Name>System.Void AudioManagerTests::PlaySFX_DoesNotThrow_WithValidClip()</Name>
              <FileRef uid="19" />
              <SequencePoints>
                <SequencePoint vc="1" uspid="1517" ordinal="0" offset="12" sl="55" sc="9" el="55" ec="9" bec="0" bev="0" fileid="19" />
                <SequencePoint vc="1" uspid="1518" ordinal="0" offset="40" sl="58" sc="9" el="58" ec="9" bec="0" bev="0" fileid="19" />
                <SequencePoint vc="1" uspid="1519" ordinal="0" offset="56" sl="59" sc="5" el="59" ec="5" bec="0" bev="0" fileid="19" />
              </SequencePoints>
              <BranchPoints />
            </Method>
            <Method visited="true" cyclomaticComplexity="0" nPathComplexity="0" sequenceCoverage="100.0" branchCoverage="0" crapScore="0" isConstructor="false" isStatic="false" isGetter="false" isSetter="false">
              <Summary numSequencePoints="2" visitedSequencePoints="2" numBranchPoints="0" visitedBranchPoints="0" sequenceCoverage="100.0" branchCoverage="0" maxCyclomaticComplexity="0" minCyclomaticComplexity="0" maxCrapScore="0" minCrapScore="0" visitedClasses="0" numClasses="0" visitedMethods="1" numMethods="1" />
              <MetadataToken>100663301</MetadataToken>
              <Name>System.Void AudioManagerTests::PlaySFX_DoesNotThrow_WithNullClip()</Name>
              <FileRef uid="19" />
              <SequencePoints>
                <SequencePoint vc="1" uspid="1520" ordinal="0" offset="0" sl="65" sc="9" el="65" ec="9" bec="0" bev="0" fileid="19" />
                <SequencePoint vc="1" uspid="1521" ordinal="0" offset="17" sl="66" sc="5" el="66" ec="5" bec="0" bev="0" fileid="19" />
              </SequencePoints>
              <BranchPoints />
            </Method>
            <Method visited="true" cyclomaticComplexity="0" nPathComplexity="0" sequenceCoverage="100.0" branchCoverage="0" crapScore="0" isConstructor="false" isStatic="false" isGetter="false" isSetter="false">
              <Summary numSequencePoints="1" visitedSequencePoints="1" numBranchPoints="0" visitedBranchPoints="0" sequenceCoverage="100.0" branchCoverage="0" maxCyclomaticComplexity="0" minCyclomaticComplexity="0" maxCrapScore="0" minCrapScore="0" visitedClasses="0" numClasses="0" visitedMethods="1" numMethods="1" />
              <MetadataToken>100663303</MetadataToken>
              <Name>System.Void AudioManagerTests::&lt;PlaySFX_DoesNotThrow_WithNullClip&gt;b__8_0()</Name>
              <FileRef uid="19" />
              <SequencePoints>
                <SequencePoint vc="1" uspid="1522" ordinal="0" offset="0" sl="65" sc="35" el="65" ec="35" bec="0" bev="0" fileid="19" />
              </SequencePoints>
              <BranchPoints />
            </Method>
          </Methods>
        </Class>
        <Class>
          <Summary numSequencePoints="56" visitedSequencePoints="44" numBranchPoints="0" visitedBranchPoints="0" sequenceCoverage="78.57" branchCoverage="0.0" maxCyclomaticComplexity="0" minCyclomaticComplexity="0" maxCrapScore="0" minCrapScore="0" visitedClasses="1" numClasses="1" visitedMethods="9" numMethods="9" />
          <FullName>GameManagerTests</FullName>
          <Methods>
            <Method visited="true" cyclomaticComplexity="0" nPathComplexity="0" sequenceCoverage="60.00" branchCoverage="0" crapScore="0" isConstructor="false" isStatic="false" isGetter="false" isSetter="false">
              <Summary numSequencePoints="5" visitedSequencePoints="3" numBranchPoints="0" visitedBranchPoints="0" sequenceCoverage="60.00" branchCoverage="0" maxCyclomaticComplexity="0" minCyclomaticComplexity="0" maxCrapScore="0" minCrapScore="0" visitedClasses="0" numClasses="0" visitedMethods="1" numMethods="1" />
              <MetadataToken>100663304</MetadataToken>
              <Name>System.Boolean GameManagerTests::PatchSceneLoading()</Name>
              <FileRef uid="20" />
              <SequencePoints>
                <SequencePoint vc="3" uspid="1523" ordinal="0" offset="0" sl="17" sc="9" el="17" ec="9" bec="0" bev="0" fileid="20" />
                <SequencePoint vc="3" uspid="1524" ordinal="0" offset="56" sl="21" sc="9" el="21" ec="9" bec="0" bev="0" fileid="20" />
                <SequencePoint vc="0" uspid="1525" ordinal="0" offset="64" sl="23" sc="13" el="23" ec="13" bec="0" bev="0" fileid="20" />
                <SequencePoint vc="0" uspid="1526" ordinal="0" offset="74" sl="24" sc="13" el="24" ec="13" bec="0" bev="0" fileid="20" />
                <SequencePoint vc="3" uspid="1527" ordinal="0" offset="76" sl="29" sc="9" el="29" ec="9" bec="0" bev="0" fileid="20" />
              </SequencePoints>
              <BranchPoints />
            </Method>
            <Method visited="true" cyclomaticComplexity="0" nPathComplexity="0" sequenceCoverage="100.0" branchCoverage="0" crapScore="0" isConstructor="false" isStatic="false" isGetter="false" isSetter="false">
              <Summary numSequencePoints="8" visitedSequencePoints="8" numBranchPoints="0" visitedBranchPoints="0" sequenceCoverage="100.0" branchCoverage="0" maxCyclomaticComplexity="0" minCyclomaticComplexity="0" maxCrapScore="0" minCrapScore="0" visitedClasses="0" numClasses="0" visitedMethods="1" numMethods="1" />
              <MetadataToken>100663305</MetadataToken>
              <Name>System.Void GameManagerTests::Setup()</Name>
              <FileRef uid="20" />
              <SequencePoints>
                <SequencePoint vc="3" uspid="1528" ordinal="0" offset="0" sl="36" sc="9" el="36" ec="9" bec="0" bev="0" fileid="20" />
                <SequencePoint vc="3" uspid="1529" ordinal="0" offset="16" sl="37" sc="9" el="37" ec="9" bec="0" bev="0" fileid="20" />
                <SequencePoint vc="3" uspid="1530" ordinal="0" offset="33" sl="40" sc="9" el="40" ec="9" bec="0" bev="0" fileid="20" />
                <SequencePoint vc="3" uspid="1531" ordinal="0" offset="40" sl="44" sc="9" el="44" ec="9" bec="0" bev="0" fileid="20" />
                <SequencePoint vc="3" uspid="1532" ordinal="0" offset="58" sl="45" sc="9" el="45" ec="9" bec="0" bev="0" fileid="20" />
                <SequencePoint vc="3" uspid="1533" ordinal="0" offset="76" sl="46" sc="9" el="46" ec="9" bec="0" bev="0" fileid="20" />
                <SequencePoint vc="3" uspid="1534" ordinal="0" offset="94" sl="47" sc="9" el="47" ec="9" bec="0" bev="0" fileid="20" />
                <SequencePoint vc="3" uspid="1535" ordinal="0" offset="112" sl="48" sc="5" el="48" ec="5" bec="0" bev="0" fileid="20" />
              </SequencePoints>
              <BranchPoints />
            </Method>
            <Method visited="true" cyclomaticComplexity="0" nPathComplexity="0" sequenceCoverage="60.00" branchCoverage="0" crapScore="0" isConstructor="false" isStatic="false" isGetter="false" isSetter="false">
              <Summary numSequencePoints="5" visitedSequencePoints="3" numBranchPoints="0" visitedBranchPoints="0" sequenceCoverage="60.00" branchCoverage="0" maxCyclomaticComplexity="0" minCyclomaticComplexity="0" maxCrapScore="0" minCrapScore="0" visitedClasses="0" numClasses="0" visitedMethods="1" numMethods="1" />
              <MetadataToken>100663306</MetadataToken>
              <Name>System.Void GameManagerTests::TearDown()</Name>
              <FileRef uid="20" />
              <SequencePoints>
                <SequencePoint vc="3" uspid="1536" ordinal="0" offset="0" sl="54" sc="9" el="54" ec="9" bec="0" bev="0" fileid="20" />
                <SequencePoint vc="0" uspid="1537" ordinal="0" offset="18" sl="57" sc="13" el="57" ec="13" bec="0" bev="0" fileid="20" />
                <SequencePoint vc="0" uspid="1538" ordinal="0" offset="40" sl="59" sc="13" el="59" ec="13" bec="0" bev="0" fileid="20" />
                <SequencePoint vc="3" uspid="1539" ordinal="0" offset="47" sl="63" sc="9" el="63" ec="9" bec="0" bev="0" fileid="20" />
                <SequencePoint vc="3" uspid="1540" ordinal="0" offset="58" sl="64" sc="5" el="64" ec="5" bec="0" bev="0" fileid="20" />
              </SequencePoints>
              <BranchPoints />
            </Method>
            <Method visited="true" cyclomaticComplexity="0" nPathComplexity="0" sequenceCoverage="100.0" branchCoverage="0" crapScore="0" isConstructor="false" isStatic="false" isGetter="false" isSetter="false">
              <Summary numSequencePoints="5" visitedSequencePoints="5" numBranchPoints="0" visitedBranchPoints="0" sequenceCoverage="100.0" branchCoverage="0" maxCyclomaticComplexity="0" minCyclomaticComplexity="0" maxCrapScore="0" minCrapScore="0" visitedClasses="0" numClasses="0" visitedMethods="1" numMethods="1" />
              <MetadataToken>100663307</MetadataToken>
              <Name>System.Void GameManagerTests::NewGame_InitialValuesAreCorrect()</Name>
              <FileRef uid="20" />
              <SequencePoints>
                <SequencePoint vc="1" uspid="1541" ordinal="0" offset="0" sl="72" sc="9" el="72" ec="9" bec="0" bev="0" fileid="20" />
                <SequencePoint vc="1" uspid="1542" ordinal="0" offset="27" sl="73" sc="9" el="73" ec="9" bec="0" bev="0" fileid="20" />
                <SequencePoint vc="1" uspid="1543" ordinal="0" offset="54" sl="74" sc="9" el="74" ec="9" bec="0" bev="0" fileid="20" />
                <SequencePoint vc="1" uspid="1544" ordinal="0" offset="81" sl="75" sc="9" el="75" ec="9" bec="0" bev="0" fileid="20" />
                <SequencePoint vc="1" uspid="1545" ordinal="0" offset="108" sl="76" sc="5" el="76" ec="5" bec="0" bev="0" fileid="20" />
              </SequencePoints>
              <BranchPoints />
            </Method>
            <Method visited="true" cyclomaticComplexity="0" nPathComplexity="0" sequenceCoverage="100.0" branchCoverage="0" crapScore="0" isConstructor="false" isStatic="false" isGetter="false" isSetter="false">
              <Summary numSequencePoints="6" visitedSequencePoints="6" numBranchPoints="0" visitedBranchPoints="0" sequenceCoverage="100.0" branchCoverage="0" maxCyclomaticComplexity="0" minCyclomaticComplexity="0" maxCrapScore="0" minCrapScore="0" visitedClasses="0" numClasses="0" visitedMethods="1" numMethods="1" />
              <MetadataToken>100663308</MetadataToken>
              <Name>System.Void GameManagerTests::LoadLevel_SetsWorldAndStageCorrectly()</Name>
              <FileRef uid="20" />
              <SequencePoints>
                <SequencePoint vc="1" uspid="1546" ordinal="0" offset="0" sl="82" sc="9" el="82" ec="9" bec="0" bev="0" fileid="20" />
                <SequencePoint vc="1" uspid="1547" ordinal="0" offset="2" sl="83" sc="9" el="83" ec="9" bec="0" bev="0" fileid="20" />
                <SequencePoint vc="1" uspid="1548" ordinal="0" offset="4" sl="86" sc="9" el="86" ec="9" bec="0" bev="0" fileid="20" />
                <SequencePoint vc="1" uspid="1549" ordinal="0" offset="18" sl="89" sc="9" el="89" ec="9" bec="0" bev="0" fileid="20" />
                <SequencePoint vc="1" uspid="1550" ordinal="0" offset="45" sl="90" sc="9" el="90" ec="9" bec="0" bev="0" fileid="20" />
                <SequencePoint vc="1" uspid="1551" ordinal="0" offset="72" sl="91" sc="5" el="91" ec="5" bec="0" bev="0" fileid="20" />
              </SequencePoints>
              <BranchPoints />
            </Method>
            <Method visited="true" cyclomaticComplexity="0" nPathComplexity="0" sequenceCoverage="100.0" branchCoverage="0" crapScore="0" isConstructor="false" isStatic="false" isGetter="false" isSetter="false">
              <Summary numSequencePoints="6" visitedSequencePoints="6" numBranchPoints="0" visitedBranchPoints="0" sequenceCoverage="100.0" branchCoverage="0" maxCyclomaticComplexity="0" minCyclomaticComplexity="0" maxCrapScore="0" minCrapScore="0" visitedClasses="0" numClasses="0" visitedMethods="1" numMethods="1" />
              <MetadataToken>100663309</MetadataToken>
              <Name>System.Void GameManagerTests::NextLevel_IncrementsStageCorrectly()</Name>
              <FileRef uid="20" />
              <SequencePoints>
                <SequencePoint vc="1" uspid="1552" ordinal="0" offset="0" sl="97" sc="9" el="97" ec="9" bec="0" bev="0" fileid="20" />
                <SequencePoint vc="1" uspid="1553" ordinal="0" offset="11" sl="98" sc="9" el="98" ec="9" bec="0" bev="0" fileid="20" />
                <SequencePoint vc="1" uspid="1554" ordinal="0" offset="22" sl="101" sc="9" el="101" ec="9" bec="0" bev="0" fileid="20" />
                <SequencePoint vc="1" uspid="1555" ordinal="0" offset="34" sl="104" sc="9" el="104" ec="9" bec="0" bev="0" fileid="20" />
                <SequencePoint vc="1" uspid="1556" ordinal="0" offset="60" sl="105" sc="9" el="105" ec="9" bec="0" bev="0" fileid="20" />
                <SequencePoint vc="1" uspid="1557" ordinal="0" offset="88" sl="106" sc="5" el="106" ec="5" bec="0" bev="0" fileid="20" />
              </SequencePoints>
              <BranchPoints />
            </Method>
            <Method visited="true" cyclomaticComplexity="0" nPathComplexity="0" sequenceCoverage="100.0" branchCoverage="0" crapScore="0" isConstructor="false" isStatic="false" isGetter="false" isSetter="false">
              <Summary numSequencePoints="3" visitedSequencePoints="3" numBranchPoints="0" visitedBranchPoints="0" sequenceCoverage="100.0" branchCoverage="0" maxCyclomaticComplexity="0" minCyclomaticComplexity="0" maxCrapScore="0" minCrapScore="0" visitedClasses="0" numClasses="0" visitedMethods="1" numMethods="1" />
              <MetadataToken>100663310</MetadataToken>
              <Name>System.Void GameManagerTests::CallLoadLevelWithoutSceneLoad(GameManager, System.Int32, System.Int32)</Name>
              <FileRef uid="20" />
              <SequencePoints>
                <SequencePoint vc="2" uspid="1558" ordinal="0" offset="0" sl="114" sc="9" el="114" ec="9" bec="0" bev="0" fileid="20" />
                <SequencePoint vc="2" uspid="1559" ordinal="0" offset="13" sl="115" sc="9" el="115" ec="9" bec="0" bev="0" fileid="20" />
                <SequencePoint vc="2" uspid="1560" ordinal="0" offset="26" sl="116" sc="5" el="116" ec="5" bec="0" bev="0" fileid="20" />
              </SequencePoints>
              <BranchPoints />
            </Method>
            <Method visited="true" cyclomaticComplexity="0" nPathComplexity="0" sequenceCoverage="100.0" branchCoverage="0" crapScore="0" isConstructor="false" isStatic="false" isGetter="false" isSetter="false">
              <Summary numSequencePoints="4" visitedSequencePoints="4" numBranchPoints="0" visitedBranchPoints="0" sequenceCoverage="100.0" branchCoverage="0" maxCyclomaticComplexity="0" minCyclomaticComplexity="0" maxCrapScore="0" minCrapScore="0" visitedClasses="0" numClasses="0" visitedMethods="1" numMethods="1" />
              <MetadataToken>100663311</MetadataToken>
              <Name>System.Void GameManagerTests::CallNextLevelWithoutSceneLoad(GameManager)</Name>
              <FileRef uid="20" />
              <SequencePoints>
                <SequencePoint vc="1" uspid="1561" ordinal="0" offset="0" sl="121" sc="9" el="121" ec="9" bec="0" bev="0" fileid="20" />
                <SequencePoint vc="1" uspid="1562" ordinal="0" offset="7" sl="122" sc="9" el="122" ec="9" bec="0" bev="0" fileid="20" />
                <SequencePoint vc="1" uspid="1563" ordinal="0" offset="14" sl="125" sc="9" el="125" ec="9" bec="0" bev="0" fileid="20" />
                <SequencePoint vc="1" uspid="1564" ordinal="0" offset="25" sl="126" sc="5" el="126" ec="5" bec="0" bev="0" fileid="20" />
              </SequencePoints>
              <BranchPoints />
            </Method>
            <Method visited="true" cyclomaticComplexity="0" nPathComplexity="0" sequenceCoverage="42.86" branchCoverage="0" crapScore="0" isConstructor="false" isStatic="false" isGetter="false" isSetter="false">
              <Summary numSequencePoints="14" visitedSequencePoints="6" numBranchPoints="0" visitedBranchPoints="0" sequenceCoverage="42.86" branchCoverage="0" maxCyclomaticComplexity="0" minCyclomaticComplexity="0" maxCrapScore="0" minCrapScore="0" visitedClasses="0" numClasses="0" visitedMethods="1" numMethods="1" />
              <MetadataToken>100663312</MetadataToken>
              <Name>System.Void GameManagerTests::SetPropertyValue[T](System.Object, System.String, T)</Name>
              <FileRef uid="20" />
              <SequencePoints>
                <SequencePoint vc="16" uspid="1565" ordinal="0" offset="0" sl="132" sc="0" el="132" ec="0" bec="0" bev="0" fileid="20" />
                <SequencePoint vc="16" uspid="1566" ordinal="0" offset="19" sl="135" sc="0" el="135" ec="0" bec="0" bev="0" fileid="20" />
                <SequencePoint vc="0" uspid="1567" ordinal="0" offset="28" sl="137" sc="0" el="137" ec="0" bec="0" bev="0" fileid="20" />
                <SequencePoint vc="0" uspid="1568" ordinal="0" offset="41" sl="138" sc="0" el="138" ec="0" bec="0" bev="0" fileid="20" />
                <SequencePoint vc="16" uspid="1569" ordinal="0" offset="42" sl="142" sc="0" el="142" ec="0" bec="0" bev="0" fileid="20" />
                <SequencePoint vc="16" uspid="1570" ordinal="0" offset="61" sl="145" sc="0" el="145" ec="0" bec="0" bev="0" fileid="20" />
                <SequencePoint vc="16" uspid="1571" ordinal="0" offset="78" sl="147" sc="0" el="147" ec="0" bec="0" bev="0" fileid="20" />
                <SequencePoint vc="16" uspid="1572" ordinal="0" offset="91" sl="148" sc="0" el="148" ec="0" bec="0" bev="0" fileid="20" />
                <SequencePoint vc="0" uspid="1573" ordinal="0" offset="92" sl="152" sc="0" el="152" ec="0" bec="0" bev="0" fileid="20" />
                <SequencePoint vc="0" uspid="1574" ordinal="0" offset="126" sl="155" sc="0" el="155" ec="0" bec="0" bev="0" fileid="20" />
                <SequencePoint vc="0" uspid="1575" ordinal="0" offset="135" sl="157" sc="0" el="157" ec="0" bec="0" bev="0" fileid="20" />
                <SequencePoint vc="0" uspid="1576" ordinal="0" offset="148" sl="158" sc="0" el="158" ec="0" bec="0" bev="0" fileid="20" />
                <SequencePoint vc="0" uspid="1577" ordinal="0" offset="149" sl="161" sc="0" el="161" ec="0" bec="0" bev="0" fileid="20" />
                <SequencePoint vc="0" uspid="1578" ordinal="0" offset="165" sl="162" sc="0" el="162" ec="0" bec="0" bev="0" fileid="20" />
              </SequencePoints>
              <BranchPoints />
            </Method>
          </Methods>
        </Class>
        <Class>
          <Summary numSequencePoints="9" visitedSequencePoints="9" numBranchPoints="0" visitedBranchPoints="0" sequenceCoverage="100.0" branchCoverage="0.0" maxCyclomaticComplexity="0" minCyclomaticComplexity="0" maxCrapScore="0" minCrapScore="0" visitedClasses="1" numClasses="1" visitedMethods="1" numMethods="1" />
          <FullName>PlayerMovements_HorizontalFlipTest</FullName>
          <Methods>
            <Method visited="true" cyclomaticComplexity="0" nPathComplexity="0" sequenceCoverage="100.0" branchCoverage="0" crapScore="0" isConstructor="false" isStatic="false" isGetter="false" isSetter="false">
              <Summary numSequencePoints="9" visitedSequencePoints="9" numBranchPoints="0" visitedBranchPoints="0" sequenceCoverage="100.0" branchCoverage="0" maxCyclomaticComplexity="0" minCyclomaticComplexity="0" maxCrapScore="0" minCrapScore="0" visitedClasses="0" numClasses="0" visitedMethods="1" numMethods="1" />
              <MetadataToken>100663314</MetadataToken>
              <Name>System.Void PlayerMovements_HorizontalFlipTest::Character_Flips_Left_WhenMovingLeft()</Name>
              <FileRef uid="21" />
              <SequencePoints>
                <SequencePoint vc="1" uspid="1579" ordinal="0" offset="0" sl="9" sc="5" el="9" ec="5" bec="0" bev="0" fileid="21" />
                <SequencePoint vc="1" uspid="1580" ordinal="0" offset="5" sl="10" sc="5" el="10" ec="5" bec="0" bev="0" fileid="21" />
                <SequencePoint vc="1" uspid="1581" ordinal="0" offset="12" sl="11" sc="5" el="11" ec="5" bec="0" bev="0" fileid="21" />
                <SequencePoint vc="1" uspid="1582" ordinal="0" offset="28" sl="12" sc="5" el="12" ec="5" bec="0" bev="0" fileid="21" />
                <SequencePoint vc="1" uspid="1583" ordinal="0" offset="44" sl="14" sc="5" el="14" ec="5" bec="0" bev="0" fileid="21" />
                <SequencePoint vc="1" uspid="1584" ordinal="0" offset="55" sl="16" sc="5" el="16" ec="5" bec="0" bev="0" fileid="21" />
                <SequencePoint vc="1" uspid="1585" ordinal="0" offset="101" sl="17" sc="5" el="17" ec="5" bec="0" bev="0" fileid="21" />
                <SequencePoint vc="1" uspid="1586" ordinal="0" offset="147" sl="19" sc="5" el="19" ec="5" bec="0" bev="0" fileid="21" />
                <SequencePoint vc="1" uspid="1587" ordinal="0" offset="152" sl="20" sc="1" el="20" ec="1" bec="0" bev="0" fileid="21" />
              </SequencePoints>
              <BranchPoints />
            </Method>
          </Methods>
        </Class>
        <Class>
          <Summary numSequencePoints="7" visitedSequencePoints="7" numBranchPoints="0" visitedBranchPoints="0" sequenceCoverage="100.0" branchCoverage="0.0" maxCyclomaticComplexity="0" minCyclomaticComplexity="0" maxCrapScore="0" minCrapScore="0" visitedClasses="1" numClasses="1" visitedMethods="1" numMethods="1" />
          <FullName>PlayerMovements_RunningTest</FullName>
          <Methods>
            <Method visited="true" cyclomaticComplexity="0" nPathComplexity="0" sequenceCoverage="100.0" branchCoverage="0" crapScore="0" isConstructor="false" isStatic="false" isGetter="false" isSetter="false">
              <Summary numSequencePoints="7" visitedSequencePoints="7" numBranchPoints="0" visitedBranchPoints="0" sequenceCoverage="100.0" branchCoverage="0" maxCyclomaticComplexity="0" minCyclomaticComplexity="0" maxCrapScore="0" minCrapScore="0" visitedClasses="0" numClasses="0" visitedMethods="1" numMethods="1" />
              <MetadataToken>100663316</MetadataToken>
              <Name>System.Void PlayerMovements_RunningTest::Running_ReturnsTrue_WhenVelocityXIsHigh()</Name>
              <FileRef uid="22" />
              <SequencePoints>
                <SequencePoint vc="1" uspid="1588" ordinal="0" offset="0" sl="9" sc="9" el="9" ec="9" bec="0" bev="0" fileid="22" />
                <SequencePoint vc="1" uspid="1589" ordinal="0" offset="5" sl="10" sc="9" el="10" ec="9" bec="0" bev="0" fileid="22" />
                <SequencePoint vc="1" uspid="1590" ordinal="0" offset="12" sl="11" sc="9" el="11" ec="9" bec="0" bev="0" fileid="22" />
                <SequencePoint vc="1" uspid="1591" ordinal="0" offset="34" sl="12" sc="9" el="12" ec="9" bec="0" bev="0" fileid="22" />
                <SequencePoint vc="1" uspid="1592" ordinal="0" offset="60" sl="13" sc="9" el="13" ec="9" bec="0" bev="0" fileid="22" />
                <SequencePoint vc="1" uspid="1593" ordinal="0" offset="71" sl="14" sc="9" el="14" ec="9" bec="0" bev="0" fileid="22" />
                <SequencePoint vc="1" uspid="1594" ordinal="0" offset="76" sl="15" sc="5" el="15" ec="5" bec="0" bev="0" fileid="22" />
              </SequencePoints>
              <BranchPoints />
            </Method>
          </Methods>
        </Class>
        <Class>
          <Summary numSequencePoints="27" visitedSequencePoints="27" numBranchPoints="0" visitedBranchPoints="0" sequenceCoverage="100.0" branchCoverage="0.0" maxCyclomaticComplexity="0" minCyclomaticComplexity="0" maxCrapScore="0" minCrapScore="0" visitedClasses="1" numClasses="1" visitedMethods="5" numMethods="5" />
          <FullName>Tests.BoxHitTest</FullName>
          <Methods>
            <Method visited="true" cyclomaticComplexity="0" nPathComplexity="0" sequenceCoverage="100.0" branchCoverage="0" crapScore="0" isConstructor="false" isStatic="false" isGetter="false" isSetter="false">
              <Summary numSequencePoints="3" visitedSequencePoints="3" numBranchPoints="0" visitedBranchPoints="0" sequenceCoverage="100.0" branchCoverage="0" maxCyclomaticComplexity="0" minCyclomaticComplexity="0" maxCrapScore="0" minCrapScore="0" visitedClasses="0" numClasses="0" visitedMethods="1" numMethods="1" />
              <MetadataToken>100663320</MetadataToken>
              <Name>System.Void Tests.BoxHitTest::SetUp()</Name>
              <FileRef uid="23" />
              <SequencePoints>
                <SequencePoint vc="2" uspid="1595" ordinal="0" offset="0" sl="23" sc="9" el="23" ec="9" bec="0" bev="0" fileid="23" />
                <SequencePoint vc="2" uspid="1596" ordinal="0" offset="16" sl="24" sc="9" el="24" ec="9" bec="0" bev="0" fileid="23" />
                <SequencePoint vc="2" uspid="1597" ordinal="0" offset="33" sl="25" sc="5" el="25" ec="5" bec="0" bev="0" fileid="23" />
              </SequencePoints>
              <BranchPoints />
            </Method>
            <Method visited="true" cyclomaticComplexity="0" nPathComplexity="0" sequenceCoverage="100.0" branchCoverage="0" crapScore="0" isConstructor="false" isStatic="false" isGetter="false" isSetter="false">
              <Summary numSequencePoints="6" visitedSequencePoints="6" numBranchPoints="0" visitedBranchPoints="0" sequenceCoverage="100.0" branchCoverage="0" maxCyclomaticComplexity="0" minCyclomaticComplexity="0" maxCrapScore="0" minCrapScore="0" visitedClasses="0" numClasses="0" visitedMethods="1" numMethods="1" />
              <MetadataToken>100663321</MetadataToken>
              <Name>System.Void Tests.BoxHitTest::TearDown()</Name>
              <FileRef uid="23" />
              <SequencePoints>
                <SequencePoint vc="2" uspid="1598" ordinal="0" offset="0" sl="31" sc="9" el="31" ec="9" bec="0" bev="0" fileid="23" />
                <SequencePoint vc="1" uspid="1599" ordinal="0" offset="14" sl="31" sc="28" el="31" ec="28" bec="0" bev="0" fileid="23" />
                <SequencePoint vc="2" uspid="1600" ordinal="0" offset="25" sl="32" sc="9" el="32" ec="9" bec="0" bev="0" fileid="23" />
                <SequencePoint vc="1" uspid="1601" ordinal="0" offset="39" sl="32" sc="29" el="32" ec="29" bec="0" bev="0" fileid="23" />
                <SequencePoint vc="2" uspid="1602" ordinal="0" offset="50" sl="33" sc="9" el="33" ec="9" bec="0" bev="0" fileid="23" />
                <SequencePoint vc="2" uspid="1603" ordinal="0" offset="61" sl="34" sc="5" el="34" ec="5" bec="0" bev="0" fileid="23" />
              </SequencePoints>
              <BranchPoints />
            </Method>
            <Method visited="true" cyclomaticComplexity="0" nPathComplexity="0" sequenceCoverage="100.0" branchCoverage="0" crapScore="0" isConstructor="false" isStatic="false" isGetter="false" isSetter="false">
              <Summary numSequencePoints="5" visitedSequencePoints="5" numBranchPoints="0" visitedBranchPoints="0" sequenceCoverage="100.0" branchCoverage="0" maxCyclomaticComplexity="0" minCyclomaticComplexity="0" maxCrapScore="0" minCrapScore="0" visitedClasses="0" numClasses="0" visitedMethods="1" numMethods="1" />
              <MetadataToken>100663322</MetadataToken>
              <Name>System.Void Tests.BoxHitTest::Hit_WithoutItem_OnlyDecrementsMaxHits()</Name>
              <FileRef uid="23" />
              <SequencePoints>
                <SequencePoint vc="1" uspid="1604" ordinal="0" offset="0" sl="39" sc="9" el="39" ec="9" bec="0" bev="0" fileid="23" />
                <SequencePoint vc="1" uspid="1605" ordinal="0" offset="12" sl="40" sc="9" el="40" ec="9" bec="0" bev="0" fileid="23" />
                <SequencePoint vc="1" uspid="1606" ordinal="0" offset="29" sl="43" sc="9" el="43" ec="9" bec="0" bev="0" fileid="23" />
                <SequencePoint vc="1" uspid="1607" ordinal="0" offset="35" sl="45" sc="9" el="45" ec="9" bec="0" bev="0" fileid="23" />
                <SequencePoint vc="1" uspid="1608" ordinal="0" offset="79" sl="47" sc="5" el="47" ec="5" bec="0" bev="0" fileid="23" />
              </SequencePoints>
              <BranchPoints />
            </Method>
            <Method visited="true" cyclomaticComplexity="0" nPathComplexity="0" sequenceCoverage="100.0" branchCoverage="0" crapScore="0" isConstructor="false" isStatic="false" isGetter="false" isSetter="false">
              <Summary numSequencePoints="10" visitedSequencePoints="10" numBranchPoints="0" visitedBranchPoints="0" sequenceCoverage="100.0" branchCoverage="0" maxCyclomaticComplexity="0" minCyclomaticComplexity="0" maxCrapScore="0" minCrapScore="0" visitedClasses="0" numClasses="0" visitedMethods="1" numMethods="1" />
              <MetadataToken>100663323</MetadataToken>
              <Name>System.Void Tests.BoxHitTest::Hit_WithItem_InstantiatesItemAtPosition()</Name>
              <FileRef uid="23" />
              <SequencePoints>
                <SequencePoint vc="1" uspid="1609" ordinal="0" offset="0" sl="53" sc="9" el="53" ec="9" bec="0" bev="0" fileid="23" />
                <SequencePoint vc="1" uspid="1610" ordinal="0" offset="11" sl="54" sc="9" el="54" ec="9" bec="0" bev="0" fileid="23" />
                <SequencePoint vc="1" uspid="1611" ordinal="0" offset="28" sl="55" sc="9" el="55" ec="9" bec="0" bev="0" fileid="23" />
                <SequencePoint vc="1" uspid="1612" ordinal="0" offset="45" sl="56" sc="9" el="56" ec="9" bec="0" bev="0" fileid="23" />
                <SequencePoint vc="1" uspid="1613" ordinal="0" offset="62" sl="58" sc="9" el="58" ec="9" bec="0" bev="0" fileid="23" />
                <SequencePoint vc="1" uspid="1614" ordinal="0" offset="68" sl="61" sc="9" el="61" ec="9" bec="0" bev="0" fileid="23" />
                <SequencePoint vc="1" uspid="1615" ordinal="0" offset="112" sl="65" sc="9" el="65" ec="9" bec="0" bev="0" fileid="23" />
                <SequencePoint vc="1" uspid="1616" ordinal="0" offset="139" sl="66" sc="9" el="66" ec="9" bec="0" bev="0" fileid="23" />
                <SequencePoint vc="1" uspid="1617" ordinal="0" offset="160" sl="69" sc="9" el="69" ec="9" bec="0" bev="0" fileid="23" />
                <SequencePoint vc="1" uspid="1618" ordinal="0" offset="217" sl="71" sc="5" el="71" ec="5" bec="0" bev="0" fileid="23" />
              </SequencePoints>
              <BranchPoints />
            </Method>
            <Method visited="true" cyclomaticComplexity="0" nPathComplexity="0" sequenceCoverage="100.0" branchCoverage="0" crapScore="0" isConstructor="false" isStatic="false" isGetter="false" isSetter="false">
              <Summary numSequencePoints="3" visitedSequencePoints="3" numBranchPoints="0" visitedBranchPoints="0" sequenceCoverage="100.0" branchCoverage="0" maxCyclomaticComplexity="0" minCyclomaticComplexity="0" maxCrapScore="0" minCrapScore="0" visitedClasses="0" numClasses="0" visitedMethods="1" numMethods="1" />
              <MetadataToken>100663324</MetadataToken>
              <Name>System.Void Tests.BoxHitTest::InvokeHit()</Name>
              <FileRef uid="23" />
              <SequencePoints>
                <SequencePoint vc="2" uspid="1619" ordinal="0" offset="0" sl="76" sc="9" el="76" ec="9" bec="0" bev="0" fileid="23" />
                <SequencePoint vc="2" uspid="1620" ordinal="0" offset="22" sl="78" sc="9" el="78" ec="9" bec="0" bev="0" fileid="23" />
                <SequencePoint vc="2" uspid="1621" ordinal="0" offset="35" sl="79" sc="5" el="79" ec="5" bec="0" bev="0" fileid="23" />
              </SequencePoints>
              <BranchPoints />
            </Method>
          </Methods>
        </Class>
        <Class>
          <Summary numSequencePoints="14" visitedSequencePoints="14" numBranchPoints="0" visitedBranchPoints="0" sequenceCoverage="100.0" branchCoverage="0.0" maxCyclomaticComplexity="0" minCyclomaticComplexity="0" maxCrapScore="0" minCrapScore="0" visitedClasses="1" numClasses="1" visitedMethods="2" numMethods="2" />
          <FullName>Tests.ExtensionsDotTest</FullName>
          <Methods>
            <Method visited="true" cyclomaticComplexity="0" nPathComplexity="0" sequenceCoverage="100.0" branchCoverage="0" crapScore="0" isConstructor="false" isStatic="false" isGetter="false" isSetter="false">
              <Summary numSequencePoints="7" visitedSequencePoints="7" numBranchPoints="0" visitedBranchPoints="0" sequenceCoverage="100.0" branchCoverage="0" maxCyclomaticComplexity="0" minCyclomaticComplexity="0" maxCrapScore="0" minCrapScore="0" visitedClasses="0" numClasses="0" visitedMethods="1" numMethods="1" />
              <MetadataToken>100663326</MetadataToken>
              <Name>System.Void Tests.ExtensionsDotTest::DotTest_ReturnsTrue_WhenOtherInDirection()</Name>
              <FileRef uid="24" />
              <SequencePoints>
                <SequencePoint vc="1" uspid="1622" ordinal="0" offset="0" sl="12" sc="13" el="12" ec="13" bec="0" bev="0" fileid="24" />
                <SequencePoint vc="1" uspid="1623" ordinal="0" offset="5" sl="13" sc="13" el="13" ec="13" bec="0" bev="0" fileid="24" />
                <SequencePoint vc="1" uspid="1624" ordinal="0" offset="11" sl="14" sc="13" el="14" ec="13" bec="0" bev="0" fileid="24" />
                <SequencePoint vc="1" uspid="1625" ordinal="0" offset="27" sl="15" sc="13" el="15" ec="13" bec="0" bev="0" fileid="24" />
                <SequencePoint vc="1" uspid="1626" ordinal="0" offset="58" sl="18" sc="13" el="18" ec="13" bec="0" bev="0" fileid="24" />
                <SequencePoint vc="1" uspid="1627" ordinal="0" offset="79" sl="21" sc="13" el="21" ec="13" bec="0" bev="0" fileid="24" />
                <SequencePoint vc="1" uspid="1628" ordinal="0" offset="84" sl="22" sc="9" el="22" ec="9" bec="0" bev="0" fileid="24" />
              </SequencePoints>
              <BranchPoints />
            </Method>
            <Method visited="true" cyclomaticComplexity="0" nPathComplexity="0" sequenceCoverage="100.0" branchCoverage="0" crapScore="0" isConstructor="false" isStatic="false" isGetter="false" isSetter="false">
              <Summary numSequencePoints="7" visitedSequencePoints="7" numBranchPoints="0" visitedBranchPoints="0" sequenceCoverage="100.0" branchCoverage="0" maxCyclomaticComplexity="0" minCyclomaticComplexity="0" maxCrapScore="0" minCrapScore="0" visitedClasses="0" numClasses="0" visitedMethods="1" numMethods="1" />
              <MetadataToken>100663327</MetadataToken>
              <Name>System.Void Tests.ExtensionsDotTest::DotTest_ReturnsFalse_WhenOtherOppositeDirection()</Name>
              <FileRef uid="24" />
              <SequencePoints>
                <SequencePoint vc="1" uspid="1629" ordinal="0" offset="0" sl="27" sc="13" el="27" ec="13" bec="0" bev="0" fileid="24" />
                <SequencePoint vc="1" uspid="1630" ordinal="0" offset="5" sl="28" sc="13" el="28" ec="13" bec="0" bev="0" fileid="24" />
                <SequencePoint vc="1" uspid="1631" ordinal="0" offset="11" sl="29" sc="13" el="29" ec="13" bec="0" bev="0" fileid="24" />
                <SequencePoint vc="1" uspid="1632" ordinal="0" offset="27" sl="30" sc="13" el="30" ec="13" bec="0" bev="0" fileid="24" />
                <SequencePoint vc="1" uspid="1633" ordinal="0" offset="58" sl="32" sc="13" el="32" ec="13" bec="0" bev="0" fileid="24" />
                <SequencePoint vc="1" uspid="1634" ordinal="0" offset="79" sl="33" sc="13" el="33" ec="13" bec="0" bev="0" fileid="24" />
                <SequencePoint vc="1" uspid="1635" ordinal="0" offset="84" sl="34" sc="9" el="34" ec="9" bec="0" bev="0" fileid="24" />
              </SequencePoints>
              <BranchPoints />
            </Method>
          </Methods>
        </Class>
        <Class>
          <Summary numSequencePoints="13" visitedSequencePoints="13" numBranchPoints="0" visitedBranchPoints="0" sequenceCoverage="100.0" branchCoverage="0.0" maxCyclomaticComplexity="0" minCyclomaticComplexity="0" maxCrapScore="0" minCrapScore="0" visitedClasses="1" numClasses="1" visitedMethods="3" numMethods="3" />
          <FullName>Tests.PlayerGravityTests</FullName>
          <Methods>
            <Method visited="true" cyclomaticComplexity="0" nPathComplexity="0" sequenceCoverage="100.0" branchCoverage="0" crapScore="0" isConstructor="false" isStatic="false" isGetter="false" isSetter="false">
[...]
              <Summary numSequencePoints="3" visitedSequencePoints="3" numBranchPoints="0" visitedBranchPoints="0" sequenceCoverage="100.0" branchCoverage="0" maxCyclomaticComplexity="0" minCyclomaticComplexity="0" maxCrapScore="0" minCrapScore="0" visitedClasses="0" numClasses="0" visitedMethods="1" numMethods="1" />
              <MetadataToken>100663333</MetadataToken>
              <Name>System.Void Tests.PlayerJumpForceTests::SetUp()</Name>
              <FileRef uid="26" />
              <SequencePoints>
                <SequencePoint vc="1" uspid="1649" ordinal="0" offset="0" sl="15" sc="13" el="15" ec="13" bec="0" bev="0" fileid="26" />
                <SequencePoint vc="1" uspid="1650" ordinal="0" offset="16" sl="16" sc="13" el="16" ec="13" bec="0" bev="0" fileid="26" />
                <SequencePoint vc="1" uspid="1651" ordinal="0" offset="33" sl="17" sc="9" el="17" ec="9" bec="0" bev="0" fileid="26" />
              </SequencePoints>
              <BranchPoints />
            </Method>
            <Method visited="true" cyclomaticComplexity="0" nPathComplexity="0" sequenceCoverage="100.0" branchCoverage="0" crapScore="0" isConstructor="false" isStatic="false" isGetter="false" isSetter="false">
              <Summary numSequencePoints="2" visitedSequencePoints="2" numBranchPoints="0" visitedBranchPoints="0" sequenceCoverage="100.0" branchCoverage="0" maxCyclomaticComplexity="0" minCyclomaticComplexity="0" maxCrapScore="0" minCrapScore="0" visitedClasses="0" numClasses="0" visitedMethods="1" numMethods="1" />
              <MetadataToken>100663334</MetadataToken>
              <Name>System.Void Tests.PlayerJumpForceTests::TearDown()</Name>
              <FileRef uid="26" />
              <SequencePoints>
                <SequencePoint vc="1" uspid="1652" ordinal="0" offset="0" sl="23" sc="13" el="23" ec="13" bec="0" bev="0" fileid="26" />
                <SequencePoint vc="1" uspid="1653" ordinal="0" offset="11" sl="24" sc="9" el="24" ec="9" bec="0" bev="0" fileid="26" />
              </SequencePoints>
              <BranchPoints />
            </Method>
            <Method visited="true" cyclomaticComplexity="0" nPathComplexity="0" sequenceCoverage="100.0" branchCoverage="0" crapScore="0" isConstructor="false" isStatic="false" isGetter="false" isSetter="false">
              <Summary numSequencePoints="6" visitedSequencePoints="6" numBranchPoints="0" visitedBranchPoints="0" sequenceCoverage="100.0" branchCoverage="0" maxCyclomaticComplexity="0" minCyclomaticComplexity="0" maxCrapScore="0" minCrapScore="0" visitedClasses="0" numClasses="0" visitedMethods="1" numMethods="1" />
              <MetadataToken>100663335</MetadataToken>
              <Name>System.Void Tests.PlayerJumpForceTests::JumpForce_CalculatesCorrectly()</Name>
              <FileRef uid="26" />
              <SequencePoints>
                <SequencePoint vc="1" uspid="1654" ordinal="0" offset="0" sl="30" sc="13" el="30" ec="13" bec="0" bev="0" fileid="26" />
                <SequencePoint vc="1" uspid="1655" ordinal="0" offset="16" sl="31" sc="13" el="31" ec="13" bec="0" bev="0" fileid="26" />
                <SequencePoint vc="1" uspid="1656" ordinal="0" offset="32" sl="34" sc="13" el="34" ec="13" bec="0" bev="0" fileid="26" />
                <SequencePoint vc="1" uspid="1657" ordinal="0" offset="67" sl="37" sc="13" el="37" ec="13" bec="0" bev="0" fileid="26" />
                <SequencePoint vc="1" uspid="1658" ordinal="0" offset="79" sl="40" sc="13" el="40" ec="13" bec="0" bev="0" fileid="26" />
                <SequencePoint vc="1" uspid="1659" ordinal="0" offset="106" sl="42" sc="9" el="42" ec="9" bec="0" bev="0" fileid="26" />
              </SequencePoints>
              <BranchPoints />
            </Method>
          </Methods>
        </Class>
        <Class>
          <Summary numSequencePoints="23" visitedSequencePoints="23" numBranchPoints="0" visitedBranchPoints="0" sequenceCoverage="100.0" branchCoverage="0.0" maxCyclomaticComplexity="0" minCyclomaticComplexity="0" maxCrapScore="0" minCrapScore="0" visitedClasses="1" numClasses="1" visitedMethods="5" numMethods="5" />
          <FullName>Tests.PlayerSpriteRendererVisibilityTests</FullName>
          <Methods>
            <Method visited="true" cyclomaticComplexity="0" nPathComplexity="0" sequenceCoverage="100.0" branchCoverage="0" crapScore="0" isConstructor="false" isStatic="false" isGetter="false" isSetter="false">
              <Summary numSequencePoints="4" visitedSequencePoints="4" numBranchPoints="0" visitedBranchPoints="0" sequenceCoverage="100.0" branchCoverage="0" maxCyclomaticComplexity="0" minCyclomaticComplexity="0" maxCrapScore="0" minCrapScore="0" visitedClasses="0" numClasses="0" visitedMethods="1" numMethods="1" />
              <MetadataToken>100663337</MetadataToken>
              <Name>System.Void Tests.PlayerSpriteRendererVisibilityTests::SetUp()</Name>
              <FileRef uid="27" />
              <SequencePoints>
                <SequencePoint vc="3" uspid="1660" ordinal="0" offset="0" sl="18" sc="9" el="18" ec="9" bec="0" bev="0" fileid="27" />
                <SequencePoint vc="3" uspid="1661" ordinal="0" offset="16" sl="19" sc="9" el="19" ec="9" bec="0" bev="0" fileid="27" />
                <SequencePoint vc="3" uspid="1662" ordinal="0" offset="33" sl="20" sc="9" el="20" ec="9" bec="0" bev="0" fileid="27" />
                <SequencePoint vc="3" uspid="1663" ordinal="0" offset="50" sl="21" sc="5" el="21" ec="5" bec="0" bev="0" fileid="27" />
              </SequencePoints>
              <BranchPoints />
            </Method>
            <Method visited="true" cyclomaticComplexity="0" nPathComplexity="0" sequenceCoverage="100.0" branchCoverage="0" crapScore="0" isConstructor="false" isStatic="false" isGetter="false" isSetter="false">
              <Summary numSequencePoints="1" visitedSequencePoints="1" numBranchPoints="0" visitedBranchPoints="0" sequenceCoverage="100.0" branchCoverage="0" maxCyclomaticComplexity="0" minCyclomaticComplexity="0" maxCrapScore="0" minCrapScore="0" visitedClasses="0" numClasses="0" visitedMethods="1" numMethods="1" />
              <MetadataToken>100663338</MetadataToken>
              <Name>System.Void Tests.PlayerSpriteRendererVisibilityTests::TearDown()</Name>
              <FileRef uid="27" />
              <SequencePoints>
                <SequencePoint vc="3" uspid="1664" ordinal="0" offset="0" sl="24" sc="31" el="24" ec="31" bec="0" bev="0" fileid="27" />
              </SequencePoints>
              <BranchPoints />
            </Method>
            <Method visited="true" cyclomaticComplexity="0" nPathComplexity="0" sequenceCoverage="100.0" branchCoverage="0" crapScore="0" isConstructor="false" isStatic="false" isGetter="false" isSetter="false">
              <Summary numSequencePoints="5" visitedSequencePoints="5" numBranchPoints="0" visitedBranchPoints="0" sequenceCoverage="100.0" branchCoverage="0" maxCyclomaticComplexity="0" minCyclomaticComplexity="0" maxCrapScore="0" minCrapScore="0" visitedClasses="0" numClasses="0" visitedMethods="1" numMethods="1" />
              <MetadataToken>100663339</MetadataToken>
              <Name>System.Void Tests.PlayerSpriteRendererVisibilityTests::Show_SetsEnabledTrue()</Name>
              <FileRef uid="27" />
              <SequencePoints>
                <SequencePoint vc="1" uspid="1665" ordinal="0" offset="0" sl="30" sc="9" el="30" ec="9" bec="0" bev="0" fileid="27" />
                <SequencePoint vc="1" uspid="1666" ordinal="0" offset="12" sl="31" sc="9" el="31" ec="9" bec="0" bev="0" fileid="27" />
                <SequencePoint vc="1" uspid="1667" ordinal="0" offset="23" sl="32" sc="9" el="32" ec="9" bec="0" bev="0" fileid="27" />
                <SequencePoint vc="1" uspid="1668" ordinal="0" offset="49" sl="33" sc="9" el="33" ec="9" bec="0" bev="0" fileid="27" />
                <SequencePoint vc="1" uspid="1669" ordinal="0" offset="75" sl="34" sc="5" el="34" ec="5" bec="0" bev="0" fileid="27" />
              </SequencePoints>
              <BranchPoints />
            </Method>
            <Method visited="true" cyclomaticComplexity="0" nPathComplexity="0" sequenceCoverage="100.0" branchCoverage="0" crapScore="0" isConstructor="false" isStatic="false" isGetter="false" isSetter="false">
              <Summary numSequencePoints="6" visitedSequencePoints="6" numBranchPoints="0" visitedBranchPoints="0" sequenceCoverage="100.0" branchCoverage="0" maxCyclomaticComplexity="0" minCyclomaticComplexity="0" maxCrapScore="0" minCrapScore="0" visitedClasses="0" numClasses="0" visitedMethods="1" numMethods="1" />
              <MetadataToken>100663340</MetadataToken>
              <Name>System.Void Tests.PlayerSpriteRendererVisibilityTests::Hide_SetsEnabledFalse()</Name>
              <FileRef uid="27" />
              <SequencePoints>
                <SequencePoint vc="1" uspid="1670" ordinal="0" offset="0" sl="40" sc="9" el="40" ec="9" bec="0" bev="0" fileid="27" />
                <SequencePoint vc="1" uspid="1671" ordinal="0" offset="11" sl="41" sc="9" el="41" ec="9" bec="0" bev="0" fileid="27" />
                <SequencePoint vc="1" uspid="1672" ordinal="0" offset="23" sl="43" sc="9" el="43" ec="9" bec="0" bev="0" fileid="27" />
                <SequencePoint vc="1" uspid="1673" ordinal="0" offset="34" sl="44" sc="9" el="44" ec="9" bec="0" bev="0" fileid="27" />
                <SequencePoint vc="1" uspid="1674" ordinal="0" offset="60" sl="45" sc="9" el="45" ec="9" bec="0" bev="0" fileid="27" />
                <SequencePoint vc="1" uspid="1675" ordinal="0" offset="86" sl="46" sc="5" el="46" ec="5" bec="0" bev="0" fileid="27" />
              </SequencePoints>
              <BranchPoints />
            </Method>
            <Method visited="true" cyclomaticComplexity="0" nPathComplexity="0" sequenceCoverage="100.0" branchCoverage="0" crapScore="0" isConstructor="false" isStatic="false" isGetter="false" isSetter="false">
              <Summary numSequencePoints="7" visitedSequencePoints="7" numBranchPoints="0" visitedBranchPoints="0" sequenceCoverage="100.0" branchCoverage="0" maxCyclomaticComplexity="0" minCyclomaticComplexity="0" maxCrapScore="0" minCrapScore="0" visitedClasses="0" numClasses="0" visitedMethods="1" numMethods="1" />
              <MetadataToken>100663341</MetadataToken>
              <Name>System.Void Tests.PlayerSpriteRendererVisibilityTests::Toggle_InvertsEnabled()</Name>
              <FileRef uid="27" />
              <SequencePoints>
                <SequencePoint vc="1" uspid="1676" ordinal="0" offset="0" sl="52" sc="9" el="52" ec="9" bec="0" bev="0" fileid="27" />
                <SequencePoint vc="1" uspid="1677" ordinal="0" offset="11" sl="54" sc="9" el="54" ec="9" bec="0" bev="0" fileid="27" />
                <SequencePoint vc="1" uspid="1678" ordinal="0" offset="23" sl="55" sc="9" el="55" ec="9" bec="0" bev="0" fileid="27" />
                <SequencePoint vc="1" uspid="1679" ordinal="0" offset="34" sl="56" sc="9" el="56" ec="9" bec="0" bev="0" fileid="27" />
                <SequencePoint vc="1" uspid="1680" ordinal="0" offset="60" sl="57" sc="9" el="57" ec="9" bec="0" bev="0" fileid="27" />
                <SequencePoint vc="1" uspid="1681" ordinal="0" offset="71" sl="58" sc="9" el="58" ec="9" bec="0" bev="0" fileid="27" />
                <SequencePoint vc="1" uspid="1682" ordinal="0" offset="97" sl="59" sc="5" el="59" ec="5" bec="0" bev="0" fileid="27" />
              </SequencePoints>
              <BranchPoints />
            </Method>
          </Methods>
        </Class>
        <Class>
          <Summary numSequencePoints="10" visitedSequencePoints="10" numBranchPoints="0" visitedBranchPoints="0" sequenceCoverage="100.0" branchCoverage="0.0" maxCyclomaticComplexity="0" minCyclomaticComplexity="0" maxCrapScore="0" minCrapScore="0" visitedClasses="1" numClasses="1" visitedMethods="4" numMethods="4" />
          <FullName>PerfTest.BoxHitPerformanceTests</FullName>
          <Methods>
            <Method visited="true" cyclomaticComplexity="0" nPathComplexity="0" sequenceCoverage="100.0" branchCoverage="0" crapScore="0" isConstructor="false" isStatic="false" isGetter="false" isSetter="false">
              <Summary numSequencePoints="5" visitedSequencePoints="5" numBranchPoints="0" visitedBranchPoints="0" sequenceCoverage="100.0" branchCoverage="0" maxCyclomaticComplexity="0" minCyclomaticComplexity="0" maxCrapScore="0" minCrapScore="0" visitedClasses="0" numClasses="0" visitedMethods="1" numMethods="1" />
              <MetadataToken>100663343</MetadataToken>
              <Name>System.Void PerfTest.BoxHitPerformanceTests::SetUp()</Name>
              <FileRef uid="28" />
              <SequencePoints>
                <SequencePoint vc="1" uspid="1683" ordinal="0" offset="0" sl="18" sc="9" el="18" ec="9" bec="0" bev="0" fileid="28" />
                <SequencePoint vc="1" uspid="1684" ordinal="0" offset="16" sl="19" sc="9" el="19" ec="9" bec="0" bev="0" fileid="28" />
                <SequencePoint vc="1" uspid="1685" ordinal="0" offset="33" sl="20" sc="9" el="20" ec="9" bec="0" bev="0" fileid="28" />
                <SequencePoint vc="1" uspid="1686" ordinal="0" offset="45" sl="21" sc="9" el="21" ec="9" bec="0" bev="0" fileid="28" />
                <SequencePoint vc="1" uspid="1687" ordinal="0" offset="61" sl="22" sc="5" el="22" ec="5" bec="0" bev="0" fileid="28" />
              </SequencePoints>
              <BranchPoints />
            </Method>
            <Method visited="true" cyclomaticComplexity="0" nPathComplexity="0" sequenceCoverage="100.0" branchCoverage="0" crapScore="0" isConstructor="false" isStatic="false" isGetter="false" isSetter="false">
              <Summary numSequencePoints="2" visitedSequencePoints="2" numBranchPoints="0" visitedBranchPoints="0" sequenceCoverage="100.0" branchCoverage="0" maxCyclomaticComplexity="0" minCyclomaticComplexity="0" maxCrapScore="0" minCrapScore="0" visitedClasses="0" numClasses="0" visitedMethods="1" numMethods="1" />
              <MetadataToken>100663344</MetadataToken>
              <Name>System.Void PerfTest.BoxHitPerformanceTests::TearDown()</Name>
              <FileRef uid="28" />
              <SequencePoints>
                <SequencePoint vc="1" uspid="1688" ordinal="0" offset="0" sl="27" sc="9" el="27" ec="9" bec="0" bev="0" fileid="28" />
                <SequencePoint vc="1" uspid="1689" ordinal="0" offset="11" sl="28" sc="5" el="28" ec="5" bec="0" bev="0" fileid="28" />
              </SequencePoints>
              <BranchPoints />
            </Method>
            <Method visited="true" cyclomaticComplexity="0" nPathComplexity="0" sequenceCoverage="100.0" branchCoverage="0" crapScore="0" isConstructor="false" isStatic="false" isGetter="false" isSetter="false">
              <Summary numSequencePoints="2" visitedSequencePoints="2" numBranchPoints="0" visitedBranchPoints="0" sequenceCoverage="100.0" branchCoverage="0" maxCyclomaticComplexity="0" minCyclomaticComplexity="0" maxCrapScore="0" minCrapScore="0" visitedClasses="0" numClasses="0" visitedMethods="1" numMethods="1" />
              <MetadataToken>100663345</MetadataToken>
              <Name>System.Void PerfTest.BoxHitPerformanceTests::Hit_Method_ExecutesUnderThreshold()</Name>
              <FileRef uid="28" />
              <SequencePoints>
                <SequencePoint vc="1" uspid="1690" ordinal="0" offset="0" sl="33" sc="9" el="33" ec="9" bec="0" bev="0" fileid="28" />
                <SequencePoint vc="1" uspid="1691" ordinal="0" offset="40" sl="38" sc="5" el="38" ec="5" bec="0" bev="0" fileid="28" />
              </SequencePoints>
              <BranchPoints />
            </Method>
            <Method visited="true" cyclomaticComplexity="0" nPathComplexity="0" sequenceCoverage="100.0" branchCoverage="0" crapScore="0" isConstructor="false" isStatic="false" isGetter="false" isSetter="false">
              <Summary numSequencePoints="1" visitedSequencePoints="1" numBranchPoints="0" visitedBranchPoints="0" sequenceCoverage="100.0" branchCoverage="0" maxCyclomaticComplexity="0" minCyclomaticComplexity="0" maxCrapScore="0" minCrapScore="0" visitedClasses="0" numClasses="0" visitedMethods="1" numMethods="1" />
              <MetadataToken>100663347</MetadataToken>
              <Name>System.Void PerfTest.BoxHitPerformanceTests::&lt;Hit_Method_ExecutesUnderThreshold&gt;b__4_0()</Name>
              <FileRef uid="28" />
              <SequencePoints>
                <SequencePoint vc="25" uspid="1692" ordinal="0" offset="0" sl="33" sc="30" el="33" ec="30" bec="0" bev="0" fileid="28" />
              </SequencePoints>
              <BranchPoints />
            </Method>
          </Methods>
        </Class>
        <Class>
          <Summary numSequencePoints="3" visitedSequencePoints="3" numBranchPoints="0" visitedBranchPoints="0" sequenceCoverage="100.0" branchCoverage="0.0" maxCyclomaticComplexity="0" minCyclomaticComplexity="0" maxCrapScore="0" minCrapScore="0" visitedClasses="1" numClasses="1" visitedMethods="1" numMethods="1" />
          <FullName>PerfTest.BoxHitExtensions</FullName>
          <Methods>
            <Method visited="true" cyclomaticComplexity="0" nPathComplexity="0" sequenceCoverage="100.0" branchCoverage="0" crapScore="0" isConstructor="false" isStatic="true" isGetter="false" isSetter="false">
              <Summary numSequencePoints="3" visitedSequencePoints="3" numBranchPoints="0" visitedBranchPoints="0" sequenceCoverage="100.0" branchCoverage="0" maxCyclomaticComplexity="0" minCyclomaticComplexity="0" maxCrapScore="0" minCrapScore="0" visitedClasses="0" numClasses="0" visitedMethods="1" numMethods="1" />
              <MetadataToken>100663348</MetadataToken>
              <Name>static System.Void PerfTest.BoxHitExtensions::InvokeHitViaReflection(BoxHit)</Name>
              <FileRef uid="28" />
              <SequencePoints>
                <SequencePoint vc="25" uspid="1693" ordinal="0" offset="0" sl="46" sc="9" el="46" ec="9" bec="0" bev="0" fileid="28" />
                <SequencePoint vc="25" uspid="1694" ordinal="0" offset="22" sl="48" sc="9" el="48" ec="9" bec="0" bev="0" fileid="28" />
                <SequencePoint vc="25" uspid="1695" ordinal="0" offset="30" sl="49" sc="5" el="49" ec="5" bec="0" bev="0" fileid="28" />
              </SequencePoints>
              <BranchPoints />
            </Method>
          </Methods>
        </Class>
        <Class>
          <Summary numSequencePoints="1" visitedSequencePoints="1" numBranchPoints="0" visitedBranchPoints="0" sequenceCoverage="100.0" branchCoverage="0.0" maxCyclomaticComplexity="0" minCyclomaticComplexity="0" maxCrapScore="0" minCrapScore="0" visitedClasses="1" numClasses="1" visitedMethods="1" numMethods="1" />
          <FullName>AudioManagerTests/&lt;&gt;c__DisplayClass7_0</FullName>
          <Methods>
            <Method visited="true" cyclomaticComplexity="0" nPathComplexity="0" sequenceCoverage="100.0" branchCoverage="0" crapScore="0" isConstructor="false" isStatic="false" isGetter="false" isSetter="false">
              <Summary numSequencePoints="1" visitedSequencePoints="1" numBranchPoints="0" visitedBranchPoints="0" sequenceCoverage="100.0" branchCoverage="0" maxCyclomaticComplexity="0" minCyclomaticComplexity="0" maxCrapScore="0" minCrapScore="0" visitedClasses="0" numClasses="0" visitedMethods="1" numMethods="1" />
              <MetadataToken>100663350</MetadataToken>
              <Name>System.Void AudioManagerTests/&lt;&gt;c__DisplayClass7_0::&lt;PlaySFX_DoesNotThrow_WithValidClip&gt;b__0()</Name>
              <FileRef uid="19" />
              <SequencePoints>
                <SequencePoint vc="1" uspid="1696" ordinal="0" offset="0" sl="58" sc="35" el="58" ec="35" bec="0" bev="0" fileid="19" />
              </SequencePoints>
              <BranchPoints />
            </Method>
          </Methods>
        </Class>
      </Classes>
    </Module>
  </Modules>
</CoverageSession>